#! /usr/bin/vvp
:ivl_version "11.0 (stable)";
:ivl_delay_selection "TYPICAL";
:vpi_time_precision + 0;
:vpi_module "/usr/lib/x86_64-linux-gnu/ivl/system.vpi";
:vpi_module "/usr/lib/x86_64-linux-gnu/ivl/vhdl_sys.vpi";
:vpi_module "/usr/lib/x86_64-linux-gnu/ivl/vhdl_textio.vpi";
:vpi_module "/usr/lib/x86_64-linux-gnu/ivl/v2005_math.vpi";
:vpi_module "/usr/lib/x86_64-linux-gnu/ivl/va_math.vpi";
S_0x5794c65d44b0 .scope module, "tb_conv1_buf" "tb_conv1_buf" 2 1;
 .timescale 0 0;
P_0x5794c6603e10 .param/l "DATA_BITS" 0 2 5, +C4<00000000000000000000000000001000>;
P_0x5794c6603e50 .param/l "FILTERSIZE" 0 2 6, +C4<00000000000000000000000000000101>;
P_0x5794c6603e90 .param/l "HEIGHT" 0 2 4, +C4<00000000000000000000000000011100>;
P_0x5794c6603ed0 .param/l "WIDTH" 0 2 3, +C4<00000000000000000000000000011100>;
v0x5794c6642200_0 .var "clk", 0 0;
v0x5794c66422f0_0 .var/i "col", 31 0;
v0x5794c66423b0_0 .var "data_in", 7 0;
v0x5794c66424b0_0 .net "data_out_0", 7 0, v0x5794c663fe80_0;  1 drivers
v0x5794c6642580_0 .net "data_out_1", 7 0, v0x5794c663ff60_0;  1 drivers
v0x5794c6642670_0 .net "data_out_10", 7 0, v0x5794c6640040_0;  1 drivers
v0x5794c6642740_0 .net "data_out_11", 7 0, v0x5794c6640120_0;  1 drivers
v0x5794c6642810_0 .net "data_out_12", 7 0, v0x5794c6640200_0;  1 drivers
v0x5794c66428e0_0 .net "data_out_13", 7 0, v0x5794c66402e0_0;  1 drivers
v0x5794c66429b0_0 .net "data_out_14", 7 0, v0x5794c66403c0_0;  1 drivers
v0x5794c6642a80_0 .net "data_out_15", 7 0, v0x5794c66404a0_0;  1 drivers
v0x5794c6642b50_0 .net "data_out_16", 7 0, v0x5794c6640580_0;  1 drivers
v0x5794c6642c20_0 .net "data_out_17", 7 0, v0x5794c6640660_0;  1 drivers
v0x5794c6642cf0_0 .net "data_out_18", 7 0, v0x5794c6640740_0;  1 drivers
v0x5794c6642dc0_0 .net "data_out_19", 7 0, v0x5794c6640820_0;  1 drivers
v0x5794c6642e90_0 .net "data_out_2", 7 0, v0x5794c6640900_0;  1 drivers
v0x5794c6642f60_0 .net "data_out_20", 7 0, v0x5794c66409e0_0;  1 drivers
v0x5794c6643030_0 .net "data_out_21", 7 0, v0x5794c6640ac0_0;  1 drivers
v0x5794c6643100_0 .net "data_out_22", 7 0, v0x5794c6640ba0_0;  1 drivers
v0x5794c66431d0_0 .net "data_out_23", 7 0, v0x5794c6640c80_0;  1 drivers
v0x5794c66432a0_0 .net "data_out_24", 7 0, v0x5794c6640d60_0;  1 drivers
v0x5794c6643370_0 .net "data_out_3", 7 0, v0x5794c6640e40_0;  1 drivers
v0x5794c6643440_0 .net "data_out_4", 7 0, v0x5794c6640f20_0;  1 drivers
v0x5794c6643510_0 .net "data_out_5", 7 0, v0x5794c6641000_0;  1 drivers
v0x5794c66435e0_0 .net "data_out_6", 7 0, v0x5794c66410e0_0;  1 drivers
v0x5794c66436b0_0 .net "data_out_7", 7 0, v0x5794c66411c0_0;  1 drivers
v0x5794c6643780_0 .net "data_out_8", 7 0, v0x5794c66412a0_0;  1 drivers
v0x5794c6643850_0 .net "data_out_9", 7 0, v0x5794c6641380_0;  1 drivers
v0x5794c6643920_0 .var/i "error_cnt", 31 0;
v0x5794c66439e0 .array "expected", 24 0, 7 0;
v0x5794c6643aa0_0 .var/i "h", 31 0;
v0x5794c6643b80_0 .var/i "i", 31 0;
v0x5794c6643c60 .array "image", 783 0, 7 0;
v0x5794c6643f30_0 .var/i "j", 31 0;
v0x5794c6644010_0 .var/i "m", 31 0;
v0x5794c66440f0_0 .var/i "pixel_cnt", 31 0;
v0x5794c66441d0_0 .var/i "row", 31 0;
v0x5794c66442b0_0 .var "rst_n", 0 0;
v0x5794c6644380_0 .var/i "valid_cnt", 31 0;
v0x5794c6644440_0 .var "valid_in", 0 0;
v0x5794c6644510_0 .net "valid_out_buf", 0 0, v0x5794c6641860_0;  1 drivers
v0x5794c66445e0_0 .var/i "w", 31 0;
E_0x5794c65a23e0 .event negedge, v0x5794c663fc90_0;
S_0x5794c65d4780 .scope task, "compare_outputs" "compare_outputs" 2 171, 2 171 0, S_0x5794c65d44b0;
 .timescale 0 0;
TD_tb_conv1_buf.compare_outputs ;
    %load/vec4 v0x5794c66424b0_0;
    %ix/load 4, 0, 0;
    %flag_set/imm 4, 0;
    %load/vec4a v0x5794c66439e0, 4;
    %cmp/ne;
    %jmp/0xz  T_0.0, 6;
    %pushi/vec4 0, 0, 32;
    %store/vec4 v0x5794c6642110_0, 0, 32;
    %ix/load 4, 0, 0;
    %flag_set/imm 4, 0;
    %load/vec4a v0x5794c66439e0, 4;
    %store/vec4 v0x5794c6642030_0, 0, 8;
    %load/vec4 v0x5794c66424b0_0;
    %store/vec4 v0x5794c6641f50_0, 0, 8;
    %fork TD_tb_conv1_buf.error, S_0x5794c6641dc0;
    %join;
T_0.0 ;
    %load/vec4 v0x5794c6642580_0;
    %ix/load 4, 1, 0;
    %flag_set/imm 4, 0;
    %load/vec4a v0x5794c66439e0, 4;
    %cmp/ne;
    %jmp/0xz  T_0.2, 6;
    %pushi/vec4 1, 0, 32;
    %store/vec4 v0x5794c6642110_0, 0, 32;
    %ix/load 4, 1, 0;
    %flag_set/imm 4, 0;
    %load/vec4a v0x5794c66439e0, 4;
    %store/vec4 v0x5794c6642030_0, 0, 8;
    %load/vec4 v0x5794c6642580_0;
    %store/vec4 v0x5794c6641f50_0, 0, 8;
    %fork TD_tb_conv1_buf.error, S_0x5794c6641dc0;
    %join;
T_0.2 ;
    %load/vec4 v0x5794c6642e90_0;
    %ix/load 4, 2, 0;
    %flag_set/imm 4, 0;
    %load/vec4a v0x5794c66439e0, 4;
    %cmp/ne;
    %jmp/0xz  T_0.4, 6;
    %pushi/vec4 2, 0, 32;
    %store/vec4 v0x5794c6642110_0, 0, 32;
    %ix/load 4, 2, 0;
    %flag_set/imm 4, 0;
    %load/vec4a v0x5794c66439e0, 4;
    %store/vec4 v0x5794c6642030_0, 0, 8;
    %load/vec4 v0x5794c6642e90_0;
    %store/vec4 v0x5794c6641f50_0, 0, 8;
    %fork TD_tb_conv1_buf.error, S_0x5794c6641dc0;
    %join;
T_0.4 ;
    %load/vec4 v0x5794c6643370_0;
    %ix/load 4, 3, 0;
    %flag_set/imm 4, 0;
    %load/vec4a v0x5794c66439e0, 4;
    %cmp/ne;
    %jmp/0xz  T_0.6, 6;
    %pushi/vec4 3, 0, 32;
    %store/vec4 v0x5794c6642110_0, 0, 32;
    %ix/load 4, 3, 0;
    %flag_set/imm 4, 0;
    %load/vec4a v0x5794c66439e0, 4;
    %store/vec4 v0x5794c6642030_0, 0, 8;
    %load/vec4 v0x5794c6643370_0;
    %store/vec4 v0x5794c6641f50_0, 0, 8;
    %fork TD_tb_conv1_buf.error, S_0x5794c6641dc0;
    %join;
T_0.6 ;
    %load/vec4 v0x5794c6643440_0;
    %ix/load 4, 4, 0;
    %flag_set/imm 4, 0;
    %load/vec4a v0x5794c66439e0, 4;
    %cmp/ne;
    %jmp/0xz  T_0.8, 6;
    %pushi/vec4 4, 0, 32;
    %store/vec4 v0x5794c6642110_0, 0, 32;
    %ix/load 4, 4, 0;
    %flag_set/imm 4, 0;
    %load/vec4a v0x5794c66439e0, 4;
    %store/vec4 v0x5794c6642030_0, 0, 8;
    %load/vec4 v0x5794c6643440_0;
    %store/vec4 v0x5794c6641f50_0, 0, 8;
    %fork TD_tb_conv1_buf.error, S_0x5794c6641dc0;
    %join;
T_0.8 ;
    %load/vec4 v0x5794c6643510_0;
    %ix/load 4, 5, 0;
    %flag_set/imm 4, 0;
    %load/vec4a v0x5794c66439e0, 4;
    %cmp/ne;
    %jmp/0xz  T_0.10, 6;
    %pushi/vec4 5, 0, 32;
    %store/vec4 v0x5794c6642110_0, 0, 32;
    %ix/load 4, 5, 0;
    %flag_set/imm 4, 0;
    %load/vec4a v0x5794c66439e0, 4;
    %store/vec4 v0x5794c6642030_0, 0, 8;
    %load/vec4 v0x5794c6643510_0;
    %store/vec4 v0x5794c6641f50_0, 0, 8;
    %fork TD_tb_conv1_buf.error, S_0x5794c6641dc0;
    %join;
T_0.10 ;
    %load/vec4 v0x5794c66435e0_0;
    %ix/load 4, 6, 0;
    %flag_set/imm 4, 0;
    %load/vec4a v0x5794c66439e0, 4;
    %cmp/ne;
    %jmp/0xz  T_0.12, 6;
    %pushi/vec4 6, 0, 32;
    %store/vec4 v0x5794c6642110_0, 0, 32;
    %ix/load 4, 6, 0;
    %flag_set/imm 4, 0;
    %load/vec4a v0x5794c66439e0, 4;
    %store/vec4 v0x5794c6642030_0, 0, 8;
    %load/vec4 v0x5794c66435e0_0;
    %store/vec4 v0x5794c6641f50_0, 0, 8;
    %fork TD_tb_conv1_buf.error, S_0x5794c6641dc0;
    %join;
T_0.12 ;
    %load/vec4 v0x5794c66436b0_0;
    %ix/load 4, 7, 0;
    %flag_set/imm 4, 0;
    %load/vec4a v0x5794c66439e0, 4;
    %cmp/ne;
    %jmp/0xz  T_0.14, 6;
    %pushi/vec4 7, 0, 32;
    %store/vec4 v0x5794c6642110_0, 0, 32;
    %ix/load 4, 7, 0;
    %flag_set/imm 4, 0;
    %load/vec4a v0x5794c66439e0, 4;
    %store/vec4 v0x5794c6642030_0, 0, 8;
    %load/vec4 v0x5794c66436b0_0;
    %store/vec4 v0x5794c6641f50_0, 0, 8;
    %fork TD_tb_conv1_buf.error, S_0x5794c6641dc0;
    %join;
T_0.14 ;
    %load/vec4 v0x5794c6643780_0;
    %ix/load 4, 8, 0;
    %flag_set/imm 4, 0;
    %load/vec4a v0x5794c66439e0, 4;
    %cmp/ne;
    %jmp/0xz  T_0.16, 6;
    %pushi/vec4 8, 0, 32;
    %store/vec4 v0x5794c6642110_0, 0, 32;
    %ix/load 4, 8, 0;
    %flag_set/imm 4, 0;
    %load/vec4a v0x5794c66439e0, 4;
    %store/vec4 v0x5794c6642030_0, 0, 8;
    %load/vec4 v0x5794c6643780_0;
    %store/vec4 v0x5794c6641f50_0, 0, 8;
    %fork TD_tb_conv1_buf.error, S_0x5794c6641dc0;
    %join;
T_0.16 ;
    %load/vec4 v0x5794c6643850_0;
    %ix/load 4, 9, 0;
    %flag_set/imm 4, 0;
    %load/vec4a v0x5794c66439e0, 4;
    %cmp/ne;
    %jmp/0xz  T_0.18, 6;
    %pushi/vec4 9, 0, 32;
    %store/vec4 v0x5794c6642110_0, 0, 32;
    %ix/load 4, 9, 0;
    %flag_set/imm 4, 0;
    %load/vec4a v0x5794c66439e0, 4;
    %store/vec4 v0x5794c6642030_0, 0, 8;
    %load/vec4 v0x5794c6643850_0;
    %store/vec4 v0x5794c6641f50_0, 0, 8;
    %fork TD_tb_conv1_buf.error, S_0x5794c6641dc0;
    %join;
T_0.18 ;
    %load/vec4 v0x5794c6642670_0;
    %ix/load 4, 10, 0;
    %flag_set/imm 4, 0;
    %load/vec4a v0x5794c66439e0, 4;
    %cmp/ne;
    %jmp/0xz  T_0.20, 6;
    %pushi/vec4 10, 0, 32;
    %store/vec4 v0x5794c6642110_0, 0, 32;
    %ix/load 4, 10, 0;
    %flag_set/imm 4, 0;
    %load/vec4a v0x5794c66439e0, 4;
    %store/vec4 v0x5794c6642030_0, 0, 8;
    %load/vec4 v0x5794c6642670_0;
    %store/vec4 v0x5794c6641f50_0, 0, 8;
    %fork TD_tb_conv1_buf.error, S_0x5794c6641dc0;
    %join;
T_0.20 ;
    %load/vec4 v0x5794c6642740_0;
    %ix/load 4, 11, 0;
    %flag_set/imm 4, 0;
    %load/vec4a v0x5794c66439e0, 4;
    %cmp/ne;
    %jmp/0xz  T_0.22, 6;
    %pushi/vec4 11, 0, 32;
    %store/vec4 v0x5794c6642110_0, 0, 32;
    %ix/load 4, 11, 0;
    %flag_set/imm 4, 0;
    %load/vec4a v0x5794c66439e0, 4;
    %store/vec4 v0x5794c6642030_0, 0, 8;
    %load/vec4 v0x5794c6642740_0;
    %store/vec4 v0x5794c6641f50_0, 0, 8;
    %fork TD_tb_conv1_buf.error, S_0x5794c6641dc0;
    %join;
T_0.22 ;
    %load/vec4 v0x5794c6642810_0;
    %ix/load 4, 12, 0;
    %flag_set/imm 4, 0;
    %load/vec4a v0x5794c66439e0, 4;
    %cmp/ne;
    %jmp/0xz  T_0.24, 6;
    %pushi/vec4 12, 0, 32;
    %store/vec4 v0x5794c6642110_0, 0, 32;
    %ix/load 4, 12, 0;
    %flag_set/imm 4, 0;
    %load/vec4a v0x5794c66439e0, 4;
    %store/vec4 v0x5794c6642030_0, 0, 8;
    %load/vec4 v0x5794c6642810_0;
    %store/vec4 v0x5794c6641f50_0, 0, 8;
    %fork TD_tb_conv1_buf.error, S_0x5794c6641dc0;
    %join;
T_0.24 ;
    %load/vec4 v0x5794c66428e0_0;
    %ix/load 4, 13, 0;
    %flag_set/imm 4, 0;
    %load/vec4a v0x5794c66439e0, 4;
    %cmp/ne;
    %jmp/0xz  T_0.26, 6;
    %pushi/vec4 13, 0, 32;
    %store/vec4 v0x5794c6642110_0, 0, 32;
    %ix/load 4, 13, 0;
    %flag_set/imm 4, 0;
    %load/vec4a v0x5794c66439e0, 4;
    %store/vec4 v0x5794c6642030_0, 0, 8;
    %load/vec4 v0x5794c66428e0_0;
    %store/vec4 v0x5794c6641f50_0, 0, 8;
    %fork TD_tb_conv1_buf.error, S_0x5794c6641dc0;
    %join;
T_0.26 ;
    %load/vec4 v0x5794c66429b0_0;
    %ix/load 4, 14, 0;
    %flag_set/imm 4, 0;
    %load/vec4a v0x5794c66439e0, 4;
    %cmp/ne;
    %jmp/0xz  T_0.28, 6;
    %pushi/vec4 14, 0, 32;
    %store/vec4 v0x5794c6642110_0, 0, 32;
    %ix/load 4, 14, 0;
    %flag_set/imm 4, 0;
    %load/vec4a v0x5794c66439e0, 4;
    %store/vec4 v0x5794c6642030_0, 0, 8;
    %load/vec4 v0x5794c66429b0_0;
    %store/vec4 v0x5794c6641f50_0, 0, 8;
    %fork TD_tb_conv1_buf.error, S_0x5794c6641dc0;
    %join;
T_0.28 ;
    %load/vec4 v0x5794c6642a80_0;
    %ix/load 4, 15, 0;
    %flag_set/imm 4, 0;
    %load/vec4a v0x5794c66439e0, 4;
    %cmp/ne;
    %jmp/0xz  T_0.30, 6;
    %pushi/vec4 15, 0, 32;
    %store/vec4 v0x5794c6642110_0, 0, 32;
    %ix/load 4, 15, 0;
    %flag_set/imm 4, 0;
    %load/vec4a v0x5794c66439e0, 4;
    %store/vec4 v0x5794c6642030_0, 0, 8;
    %load/vec4 v0x5794c6642a80_0;
    %store/vec4 v0x5794c6641f50_0, 0, 8;
    %fork TD_tb_conv1_buf.error, S_0x5794c6641dc0;
    %join;
T_0.30 ;
    %load/vec4 v0x5794c6642b50_0;
    %ix/load 4, 16, 0;
    %flag_set/imm 4, 0;
    %load/vec4a v0x5794c66439e0, 4;
    %cmp/ne;
    %jmp/0xz  T_0.32, 6;
    %pushi/vec4 16, 0, 32;
    %store/vec4 v0x5794c6642110_0, 0, 32;
    %ix/load 4, 16, 0;
    %flag_set/imm 4, 0;
    %load/vec4a v0x5794c66439e0, 4;
    %store/vec4 v0x5794c6642030_0, 0, 8;
    %load/vec4 v0x5794c6642b50_0;
    %store/vec4 v0x5794c6641f50_0, 0, 8;
    %fork TD_tb_conv1_buf.error, S_0x5794c6641dc0;
    %join;
T_0.32 ;
    %load/vec4 v0x5794c6642c20_0;
    %ix/load 4, 17, 0;
    %flag_set/imm 4, 0;
    %load/vec4a v0x5794c66439e0, 4;
    %cmp/ne;
    %jmp/0xz  T_0.34, 6;
    %pushi/vec4 17, 0, 32;
    %store/vec4 v0x5794c6642110_0, 0, 32;
    %ix/load 4, 17, 0;
    %flag_set/imm 4, 0;
    %load/vec4a v0x5794c66439e0, 4;
    %store/vec4 v0x5794c6642030_0, 0, 8;
    %load/vec4 v0x5794c6642c20_0;
    %store/vec4 v0x5794c6641f50_0, 0, 8;
    %fork TD_tb_conv1_buf.error, S_0x5794c6641dc0;
    %join;
T_0.34 ;
    %load/vec4 v0x5794c6642cf0_0;
    %ix/load 4, 18, 0;
    %flag_set/imm 4, 0;
    %load/vec4a v0x5794c66439e0, 4;
    %cmp/ne;
    %jmp/0xz  T_0.36, 6;
    %pushi/vec4 18, 0, 32;
    %store/vec4 v0x5794c6642110_0, 0, 32;
    %ix/load 4, 18, 0;
    %flag_set/imm 4, 0;
    %load/vec4a v0x5794c66439e0, 4;
    %store/vec4 v0x5794c6642030_0, 0, 8;
    %load/vec4 v0x5794c6642cf0_0;
    %store/vec4 v0x5794c6641f50_0, 0, 8;
    %fork TD_tb_conv1_buf.error, S_0x5794c6641dc0;
    %join;
T_0.36 ;
    %load/vec4 v0x5794c6642dc0_0;
    %ix/load 4, 19, 0;
    %flag_set/imm 4, 0;
    %load/vec4a v0x5794c66439e0, 4;
    %cmp/ne;
    %jmp/0xz  T_0.38, 6;
    %pushi/vec4 19, 0, 32;
    %store/vec4 v0x5794c6642110_0, 0, 32;
    %ix/load 4, 19, 0;
    %flag_set/imm 4, 0;
    %load/vec4a v0x5794c66439e0, 4;
    %store/vec4 v0x5794c6642030_0, 0, 8;
    %load/vec4 v0x5794c6642dc0_0;
    %store/vec4 v0x5794c6641f50_0, 0, 8;
    %fork TD_tb_conv1_buf.error, S_0x5794c6641dc0;
    %join;
T_0.38 ;
    %load/vec4 v0x5794c6642f60_0;
    %ix/load 4, 20, 0;
    %flag_set/imm 4, 0;
    %load/vec4a v0x5794c66439e0, 4;
    %cmp/ne;
    %jmp/0xz  T_0.40, 6;
    %pushi/vec4 20, 0, 32;
    %store/vec4 v0x5794c6642110_0, 0, 32;
    %ix/load 4, 20, 0;
    %flag_set/imm 4, 0;
    %load/vec4a v0x5794c66439e0, 4;
    %store/vec4 v0x5794c6642030_0, 0, 8;
    %load/vec4 v0x5794c6642f60_0;
    %store/vec4 v0x5794c6641f50_0, 0, 8;
    %fork TD_tb_conv1_buf.error, S_0x5794c6641dc0;
    %join;
T_0.40 ;
    %load/vec4 v0x5794c6643030_0;
    %ix/load 4, 21, 0;
    %flag_set/imm 4, 0;
    %load/vec4a v0x5794c66439e0, 4;
    %cmp/ne;
    %jmp/0xz  T_0.42, 6;
    %pushi/vec4 21, 0, 32;
    %store/vec4 v0x5794c6642110_0, 0, 32;
    %ix/load 4, 21, 0;
    %flag_set/imm 4, 0;
    %load/vec4a v0x5794c66439e0, 4;
    %store/vec4 v0x5794c6642030_0, 0, 8;
    %load/vec4 v0x5794c6643030_0;
    %store/vec4 v0x5794c6641f50_0, 0, 8;
    %fork TD_tb_conv1_buf.error, S_0x5794c6641dc0;
    %join;
T_0.42 ;
    %load/vec4 v0x5794c6643100_0;
    %ix/load 4, 22, 0;
    %flag_set/imm 4, 0;
    %load/vec4a v0x5794c66439e0, 4;
    %cmp/ne;
    %jmp/0xz  T_0.44, 6;
    %pushi/vec4 22, 0, 32;
    %store/vec4 v0x5794c6642110_0, 0, 32;
    %ix/load 4, 22, 0;
    %flag_set/imm 4, 0;
    %load/vec4a v0x5794c66439e0, 4;
    %store/vec4 v0x5794c6642030_0, 0, 8;
    %load/vec4 v0x5794c6643100_0;
    %store/vec4 v0x5794c6641f50_0, 0, 8;
    %fork TD_tb_conv1_buf.error, S_0x5794c6641dc0;
    %join;
T_0.44 ;
    %load/vec4 v0x5794c66431d0_0;
    %ix/load 4, 23, 0;
    %flag_set/imm 4, 0;
    %load/vec4a v0x5794c66439e0, 4;
    %cmp/ne;
    %jmp/0xz  T_0.46, 6;
    %pushi/vec4 23, 0, 32;
    %store/vec4 v0x5794c6642110_0, 0, 32;
    %ix/load 4, 23, 0;
    %flag_set/imm 4, 0;
    %load/vec4a v0x5794c66439e0, 4;
    %store/vec4 v0x5794c6642030_0, 0, 8;
    %load/vec4 v0x5794c66431d0_0;
    %store/vec4 v0x5794c6641f50_0, 0, 8;
    %fork TD_tb_conv1_buf.error, S_0x5794c6641dc0;
    %join;
T_0.46 ;
    %load/vec4 v0x5794c66432a0_0;
    %ix/load 4, 24, 0;
    %flag_set/imm 4, 0;
    %load/vec4a v0x5794c66439e0, 4;
    %cmp/ne;
    %jmp/0xz  T_0.48, 6;
    %pushi/vec4 24, 0, 32;
    %store/vec4 v0x5794c6642110_0, 0, 32;
    %ix/load 4, 24, 0;
    %flag_set/imm 4, 0;
    %load/vec4a v0x5794c66439e0, 4;
    %store/vec4 v0x5794c6642030_0, 0, 8;
    %load/vec4 v0x5794c66432a0_0;
    %store/vec4 v0x5794c6641f50_0, 0, 8;
    %fork TD_tb_conv1_buf.error, S_0x5794c6641dc0;
    %join;
T_0.48 ;
    %end;
S_0x5794c655fcf0 .scope module, "dut" "conv1_buf" 2 48, 3 1 0, S_0x5794c65d44b0;
 .timescale 0 0;
    .port_info 0 /INPUT 1 "clk";
    .port_info 1 /INPUT 1 "rst_n";
    .port_info 2 /INPUT 1 "valid_in";
    .port_info 3 /INPUT 8 "data_in";
    .port_info 4 /OUTPUT 8 "data_out_0";
    .port_info 5 /OUTPUT 8 "data_out_1";
    .port_info 6 /OUTPUT 8 "data_out_2";
    .port_info 7 /OUTPUT 8 "data_out_3";
    .port_info 8 /OUTPUT 8 "data_out_4";
    .port_info 9 /OUTPUT 8 "data_out_5";
    .port_info 10 /OUTPUT 8 "data_out_6";
    .port_info 11 /OUTPUT 8 "data_out_7";
    .port_info 12 /OUTPUT 8 "data_out_8";
    .port_info 13 /OUTPUT 8 "data_out_9";
    .port_info 14 /OUTPUT 8 "data_out_10";
    .port_info 15 /OUTPUT 8 "data_out_11";
    .port_info 16 /OUTPUT 8 "data_out_12";
    .port_info 17 /OUTPUT 8 "data_out_13";
    .port_info 18 /OUTPUT 8 "data_out_14";
    .port_info 19 /OUTPUT 8 "data_out_15";
    .port_info 20 /OUTPUT 8 "data_out_16";
    .port_info 21 /OUTPUT 8 "data_out_17";
    .port_info 22 /OUTPUT 8 "data_out_18";
    .port_info 23 /OUTPUT 8 "data_out_19";
    .port_info 24 /OUTPUT 8 "data_out_20";
    .port_info 25 /OUTPUT 8 "data_out_21";
    .port_info 26 /OUTPUT 8 "data_out_22";
    .port_info 27 /OUTPUT 8 "data_out_23";
    .port_info 28 /OUTPUT 8 "data_out_24";
    .port_info 29 /OUTPUT 1 "valid_out_buf";
P_0x5794c6603f20 .param/l "DATA_BITS" 0 3 4, +C4<00000000000000000000000000001000>;
P_0x5794c6603f60 .param/l "FILTERSIZE" 0 3 5, +C4<00000000000000000000000000000101>;
P_0x5794c6603fa0 .param/l "HEIGHT" 0 3 3, +C4<00000000000000000000000000011100>;
P_0x5794c6603fe0 .param/l "WIDTH" 0 3 2, +C4<00000000000000000000000000011100>;
v0x5794c661c240_0 .var "buf_flag", 2 0;
v0x5794c661d9c0_0 .var "buf_idx", 7 0;
v0x5794c661dd50 .array "buffer", 139 0, 7 0;
v0x5794c663fc90_0 .net "clk", 0 0, v0x5794c6642200_0;  1 drivers
v0x5794c663fd50_0 .net "data_in", 7 0, v0x5794c66423b0_0;  1 drivers
v0x5794c663fe80_0 .var "data_out_0", 7 0;
v0x5794c663ff60_0 .var "data_out_1", 7 0;
v0x5794c6640040_0 .var "data_out_10", 7 0;
v0x5794c6640120_0 .var "data_out_11", 7 0;
v0x5794c6640200_0 .var "data_out_12", 7 0;
v0x5794c66402e0_0 .var "data_out_13", 7 0;
v0x5794c66403c0_0 .var "data_out_14", 7 0;
v0x5794c66404a0_0 .var "data_out_15", 7 0;
v0x5794c6640580_0 .var "data_out_16", 7 0;
v0x5794c6640660_0 .var "data_out_17", 7 0;
v0x5794c6640740_0 .var "data_out_18", 7 0;
v0x5794c6640820_0 .var "data_out_19", 7 0;
v0x5794c6640900_0 .var "data_out_2", 7 0;
v0x5794c66409e0_0 .var "data_out_20", 7 0;
v0x5794c6640ac0_0 .var "data_out_21", 7 0;
v0x5794c6640ba0_0 .var "data_out_22", 7 0;
v0x5794c6640c80_0 .var "data_out_23", 7 0;
v0x5794c6640d60_0 .var "data_out_24", 7 0;
v0x5794c6640e40_0 .var "data_out_3", 7 0;
v0x5794c6640f20_0 .var "data_out_4", 7 0;
v0x5794c6641000_0 .var "data_out_5", 7 0;
v0x5794c66410e0_0 .var "data_out_6", 7 0;
v0x5794c66411c0_0 .var "data_out_7", 7 0;
v0x5794c66412a0_0 .var "data_out_8", 7 0;
v0x5794c6641380_0 .var "data_out_9", 7 0;
v0x5794c6641460_0 .var "h_idx", 4 0;
v0x5794c6641540_0 .var/i "i", 31 0;
v0x5794c6641620_0 .net "rst_n", 0 0, v0x5794c66442b0_0;  1 drivers
v0x5794c66416e0_0 .var "state", 0 0;
v0x5794c66417a0_0 .net "valid_in", 0 0, v0x5794c6644440_0;  1 drivers
v0x5794c6641860_0 .var "valid_out_buf", 0 0;
v0x5794c6641920_0 .var "w_idx", 4 0;
E_0x5794c65a3380 .event posedge, v0x5794c663fc90_0;
S_0x5794c6641dc0 .scope task, "error" "error" 2 201, 2 201 0, S_0x5794c65d44b0;
 .timescale 0 0;
v0x5794c6641f50_0 .var "act", 7 0;
v0x5794c6642030_0 .var "exp", 7 0;
v0x5794c6642110_0 .var/i "idx", 31 0;
TD_tb_conv1_buf.error ;
    %vpi_call 2 203 "$display", "ERROR at valid_out %0d, output %0d: expected %0d, got %0d", v0x5794c6644380_0, v0x5794c6642110_0, v0x5794c6642030_0, v0x5794c6641f50_0 {0 0 0};
    %load/vec4 v0x5794c6643920_0;
    %addi 1, 0, 32;
    %store/vec4 v0x5794c6643920_0, 0, 32;
    %end;
    .scope S_0x5794c655fcf0;
T_2 ;
    %wait E_0x5794c65a3380;
    %load/vec4 v0x5794c6641620_0;
    %inv;
    %flag_set/vec4 8;
    %jmp/0xz  T_2.0, 8;
    %pushi/vec4 0, 0, 32;
    %store/vec4 v0x5794c6641540_0, 0, 32;
T_2.2 ;
    %load/vec4 v0x5794c6641540_0;
    %cmpi/s 140, 0, 32;
    %jmp/0xz T_2.3, 5;
    %pushi/vec4 0, 0, 8;
    %ix/getv/s 3, v0x5794c6641540_0;
    %ix/load 4, 0, 0; Constant delay
    %assign/vec4/a/d v0x5794c661dd50, 0, 4;
    %load/vec4 v0x5794c6641540_0;
    %addi 1, 0, 32;
    %store/vec4 v0x5794c6641540_0, 0, 32;
    %jmp T_2.2;
T_2.3 ;
    %pushi/vec4 0, 0, 8;
    %assign/vec4 v0x5794c661d9c0_0, 0;
    %pushi/vec4 0, 0, 5;
    %assign/vec4 v0x5794c6641920_0, 0;
    %pushi/vec4 0, 0, 5;
    %assign/vec4 v0x5794c6641460_0, 0;
    %pushi/vec4 0, 0, 3;
    %assign/vec4 v0x5794c661c240_0, 0;
    %pushi/vec4 0, 0, 1;
    %assign/vec4 v0x5794c66416e0_0, 0;
    %pushi/vec4 0, 0, 1;
    %assign/vec4 v0x5794c6641860_0, 0;
    %pushi/vec4 0, 0, 8;
    %assign/vec4 v0x5794c663fe80_0, 0;
    %pushi/vec4 0, 0, 8;
    %assign/vec4 v0x5794c663ff60_0, 0;
    %pushi/vec4 0, 0, 8;
    %assign/vec4 v0x5794c6640900_0, 0;
    %pushi/vec4 0, 0, 8;
    %assign/vec4 v0x5794c6640e40_0, 0;
    %pushi/vec4 0, 0, 8;
    %assign/vec4 v0x5794c6640f20_0, 0;
    %pushi/vec4 0, 0, 8;
    %assign/vec4 v0x5794c6641000_0, 0;
    %pushi/vec4 0, 0, 8;
    %assign/vec4 v0x5794c66410e0_0, 0;
    %pushi/vec4 0, 0, 8;
    %assign/vec4 v0x5794c66411c0_0, 0;
    %pushi/vec4 0, 0, 8;
    %assign/vec4 v0x5794c66412a0_0, 0;
    %pushi/vec4 0, 0, 8;
    %assign/vec4 v0x5794c6641380_0, 0;
    %pushi/vec4 0, 0, 8;
    %assign/vec4 v0x5794c6640040_0, 0;
    %pushi/vec4 0, 0, 8;
    %assign/vec4 v0x5794c6640120_0, 0;
    %pushi/vec4 0, 0, 8;
    %assign/vec4 v0x5794c6640200_0, 0;
    %pushi/vec4 0, 0, 8;
    %assign/vec4 v0x5794c66402e0_0, 0;
    %pushi/vec4 0, 0, 8;
    %assign/vec4 v0x5794c66403c0_0, 0;
    %pushi/vec4 0, 0, 8;
    %assign/vec4 v0x5794c66404a0_0, 0;
    %pushi/vec4 0, 0, 8;
    %assign/vec4 v0x5794c6640580_0, 0;
    %pushi/vec4 0, 0, 8;
    %assign/vec4 v0x5794c6640660_0, 0;
    %pushi/vec4 0, 0, 8;
    %assign/vec4 v0x5794c6640740_0, 0;
    %pushi/vec4 0, 0, 8;
    %assign/vec4 v0x5794c6640820_0, 0;
    %pushi/vec4 0, 0, 8;
    %assign/vec4 v0x5794c66409e0_0, 0;
    %pushi/vec4 0, 0, 8;
    %assign/vec4 v0x5794c6640ac0_0, 0;
    %pushi/vec4 0, 0, 8;
    %assign/vec4 v0x5794c6640ba0_0, 0;
    %pushi/vec4 0, 0, 8;
    %assign/vec4 v0x5794c6640c80_0, 0;
    %pushi/vec4 0, 0, 8;
    %assign/vec4 v0x5794c6640d60_0, 0;
    %jmp T_2.1;
T_2.0 ;
    %load/vec4 v0x5794c66417a0_0;
    %flag_set/vec4 8;
    %jmp/0xz  T_2.4, 8;
    %load/vec4 v0x5794c661d9c0_0;
    %addi 1, 0, 8;
    %assign/vec4 v0x5794c661d9c0_0, 0;
    %load/vec4 v0x5794c661d9c0_0;
    %pad/u 32;
    %cmpi/e 139, 0, 32;
    %jmp/0xz  T_2.6, 4;
    %pushi/vec4 0, 0, 8;
    %assign/vec4 v0x5794c661d9c0_0, 0;
T_2.6 ;
    %load/vec4 v0x5794c663fd50_0;
    %load/vec4 v0x5794c661d9c0_0;
    %pad/u 9;
    %ix/vec4 3;
    %ix/load 4, 0, 0; Constant delay
    %assign/vec4/a/d v0x5794c661dd50, 0, 4;
    %load/vec4 v0x5794c66416e0_0;
    %nor/r;
    %flag_set/vec4 8;
    %jmp/0xz  T_2.8, 8;
    %load/vec4 v0x5794c661d9c0_0;
    %pad/u 32;
    %cmpi/e 139, 0, 32;
    %jmp/0xz  T_2.10, 4;
    %pushi/vec4 1, 0, 1;
    %assign/vec4 v0x5794c66416e0_0, 0;
T_2.10 ;
    %jmp T_2.9;
T_2.8 ;
    %load/vec4 v0x5794c6641920_0;
    %addi 1, 0, 5;
    %assign/vec4 v0x5794c6641920_0, 0;
    %load/vec4 v0x5794c6641920_0;
    %pad/u 32;
    %cmpi/e 24, 0, 32;
    %jmp/0xz  T_2.12, 4;
    %pushi/vec4 0, 0, 1;
    %assign/vec4 v0x5794c6641860_0, 0;
    %jmp T_2.13;
T_2.12 ;
    %load/vec4 v0x5794c6641920_0;
    %pad/u 32;
    %cmpi/e 27, 0, 32;
    %jmp/0xz  T_2.14, 4;
    %load/vec4 v0x5794c661c240_0;
    %addi 1, 0, 3;
    %assign/vec4 v0x5794c661c240_0, 0;
    %load/vec4 v0x5794c661c240_0;
    %pad/u 32;
    %cmpi/e 4, 0, 32;
    %jmp/0xz  T_2.16, 4;
    %pushi/vec4 0, 0, 3;
    %assign/vec4 v0x5794c661c240_0, 0;
T_2.16 ;
    %pushi/vec4 0, 0, 5;
    %assign/vec4 v0x5794c6641920_0, 0;
    %load/vec4 v0x5794c6641460_0;
    %pad/u 32;
    %cmpi/e 23, 0, 32;
    %jmp/0xz  T_2.18, 4;
    %pushi/vec4 0, 0, 5;
    %assign/vec4 v0x5794c6641460_0, 0;
    %pushi/vec4 0, 0, 1;
    %assign/vec4 v0x5794c66416e0_0, 0;
T_2.18 ;
    %load/vec4 v0x5794c6641460_0;
    %addi 1, 0, 5;
    %assign/vec4 v0x5794c6641460_0, 0;
    %jmp T_2.15;
T_2.14 ;
    %load/vec4 v0x5794c6641920_0;
    %pad/u 32;
    %cmpi/e 0, 0, 32;
    %jmp/0xz  T_2.20, 4;
    %pushi/vec4 1, 0, 1;
    %assign/vec4 v0x5794c6641860_0, 0;
T_2.20 ;
T_2.15 ;
T_2.13 ;
    %load/vec4 v0x5794c661c240_0;
    %cmpi/e 0, 0, 3;
    %jmp/0xz  T_2.22, 4;
    %load/vec4 v0x5794c6641920_0;
    %pad/u 9;
    %ix/vec4 4;
    %load/vec4a v0x5794c661dd50, 4;
    %assign/vec4 v0x5794c663fe80_0, 0;
    %load/vec4 v0x5794c6641920_0;
    %pad/u 33;
    %addi 1, 0, 33;
    %ix/vec4 4;
    %load/vec4a v0x5794c661dd50, 4;
    %assign/vec4 v0x5794c663ff60_0, 0;
    %load/vec4 v0x5794c6641920_0;
    %pad/u 33;
    %addi 2, 0, 33;
    %ix/vec4 4;
    %load/vec4a v0x5794c661dd50, 4;
    %assign/vec4 v0x5794c6640900_0, 0;
    %load/vec4 v0x5794c6641920_0;
    %pad/u 33;
    %addi 3, 0, 33;
    %ix/vec4 4;
    %load/vec4a v0x5794c661dd50, 4;
    %assign/vec4 v0x5794c6640e40_0, 0;
    %load/vec4 v0x5794c6641920_0;
    %pad/u 33;
    %addi 4, 0, 33;
    %ix/vec4 4;
    %load/vec4a v0x5794c661dd50, 4;
    %assign/vec4 v0x5794c6640f20_0, 0;
    %load/vec4 v0x5794c6641920_0;
    %pad/u 33;
    %addi 28, 0, 33;
    %ix/vec4 4;
    %load/vec4a v0x5794c661dd50, 4;
    %assign/vec4 v0x5794c6641000_0, 0;
    %load/vec4 v0x5794c6641920_0;
    %pad/u 34;
    %addi 29, 0, 34;
    %ix/vec4 4;
    %load/vec4a v0x5794c661dd50, 4;
    %assign/vec4 v0x5794c66410e0_0, 0;
    %load/vec4 v0x5794c6641920_0;
    %pad/u 34;
    %addi 30, 0, 34;
    %ix/vec4 4;
    %load/vec4a v0x5794c661dd50, 4;
    %assign/vec4 v0x5794c66411c0_0, 0;
    %load/vec4 v0x5794c6641920_0;
    %pad/u 34;
    %addi 31, 0, 34;
    %ix/vec4 4;
    %load/vec4a v0x5794c661dd50, 4;
    %assign/vec4 v0x5794c66412a0_0, 0;
    %load/vec4 v0x5794c6641920_0;
    %pad/u 34;
    %addi 32, 0, 34;
    %ix/vec4 4;
    %load/vec4a v0x5794c661dd50, 4;
    %assign/vec4 v0x5794c6641380_0, 0;
    %load/vec4 v0x5794c6641920_0;
    %pad/u 65;
    %addi 56, 0, 65;
    %ix/vec4 4;
    %load/vec4a v0x5794c661dd50, 4;
    %assign/vec4 v0x5794c6640040_0, 0;
    %load/vec4 v0x5794c6641920_0;
    %pad/u 66;
    %addi 57, 0, 66;
    %ix/vec4 4;
    %load/vec4a v0x5794c661dd50, 4;
    %assign/vec4 v0x5794c6640120_0, 0;
    %load/vec4 v0x5794c6641920_0;
    %pad/u 66;
    %addi 58, 0, 66;
    %ix/vec4 4;
    %load/vec4a v0x5794c661dd50, 4;
    %assign/vec4 v0x5794c6640200_0, 0;
    %load/vec4 v0x5794c6641920_0;
    %pad/u 66;
    %addi 59, 0, 66;
    %ix/vec4 4;
    %load/vec4a v0x5794c661dd50, 4;
    %assign/vec4 v0x5794c66402e0_0, 0;
    %load/vec4 v0x5794c6641920_0;
    %pad/u 66;
    %addi 60, 0, 66;
    %ix/vec4 4;
    %load/vec4a v0x5794c661dd50, 4;
    %assign/vec4 v0x5794c66403c0_0, 0;
    %load/vec4 v0x5794c6641920_0;
    %pad/u 65;
    %addi 84, 0, 65;
    %ix/vec4 4;
    %load/vec4a v0x5794c661dd50, 4;
    %assign/vec4 v0x5794c66404a0_0, 0;
    %load/vec4 v0x5794c6641920_0;
    %pad/u 66;
    %addi 85, 0, 66;
    %ix/vec4 4;
    %load/vec4a v0x5794c661dd50, 4;
    %assign/vec4 v0x5794c6640580_0, 0;
    %load/vec4 v0x5794c6641920_0;
    %pad/u 66;
    %addi 86, 0, 66;
    %ix/vec4 4;
    %load/vec4a v0x5794c661dd50, 4;
    %assign/vec4 v0x5794c6640660_0, 0;
    %load/vec4 v0x5794c6641920_0;
    %pad/u 66;
    %addi 87, 0, 66;
    %ix/vec4 4;
    %load/vec4a v0x5794c661dd50, 4;
    %assign/vec4 v0x5794c6640740_0, 0;
    %load/vec4 v0x5794c6641920_0;
    %pad/u 66;
    %addi 88, 0, 66;
    %ix/vec4 4;
    %load/vec4a v0x5794c661dd50, 4;
    %assign/vec4 v0x5794c6640820_0, 0;
    %load/vec4 v0x5794c6641920_0;
    %pad/u 65;
    %addi 112, 0, 65;
    %ix/vec4 4;
    %load/vec4a v0x5794c661dd50, 4;
    %assign/vec4 v0x5794c66409e0_0, 0;
    %load/vec4 v0x5794c6641920_0;
    %pad/u 66;
    %addi 113, 0, 66;
    %ix/vec4 4;
    %load/vec4a v0x5794c661dd50, 4;
    %assign/vec4 v0x5794c6640ac0_0, 0;
    %load/vec4 v0x5794c6641920_0;
    %pad/u 66;
    %addi 114, 0, 66;
    %ix/vec4 4;
    %load/vec4a v0x5794c661dd50, 4;
    %assign/vec4 v0x5794c6640ba0_0, 0;
    %load/vec4 v0x5794c6641920_0;
    %pad/u 66;
    %addi 115, 0, 66;
    %ix/vec4 4;
    %load/vec4a v0x5794c661dd50, 4;
    %assign/vec4 v0x5794c6640c80_0, 0;
    %load/vec4 v0x5794c6641920_0;
    %pad/u 66;
    %addi 116, 0, 66;
    %ix/vec4 4;
    %load/vec4a v0x5794c661dd50, 4;
    %assign/vec4 v0x5794c6640d60_0, 0;
    %jmp T_2.23;
T_2.22 ;
    %load/vec4 v0x5794c661c240_0;
    %cmpi/e 1, 0, 3;
    %jmp/0xz  T_2.24, 4;
    %load/vec4 v0x5794c6641920_0;
    %pad/u 33;
    %addi 28, 0, 33;
    %ix/vec4 4;
    %load/vec4a v0x5794c661dd50, 4;
    %assign/vec4 v0x5794c663fe80_0, 0;
    %load/vec4 v0x5794c6641920_0;
    %pad/u 34;
    %addi 29, 0, 34;
    %ix/vec4 4;
    %load/vec4a v0x5794c661dd50, 4;
    %assign/vec4 v0x5794c663ff60_0, 0;
    %load/vec4 v0x5794c6641920_0;
    %pad/u 34;
    %addi 30, 0, 34;
    %ix/vec4 4;
    %load/vec4a v0x5794c661dd50, 4;
    %assign/vec4 v0x5794c6640900_0, 0;
    %load/vec4 v0x5794c6641920_0;
    %pad/u 34;
    %addi 31, 0, 34;
    %ix/vec4 4;
    %load/vec4a v0x5794c661dd50, 4;
    %assign/vec4 v0x5794c6640e40_0, 0;
    %load/vec4 v0x5794c6641920_0;
    %pad/u 34;
    %addi 32, 0, 34;
    %ix/vec4 4;
    %load/vec4a v0x5794c661dd50, 4;
    %assign/vec4 v0x5794c6640f20_0, 0;
    %load/vec4 v0x5794c6641920_0;
    %pad/u 65;
    %addi 56, 0, 65;
    %ix/vec4 4;
    %load/vec4a v0x5794c661dd50, 4;
    %assign/vec4 v0x5794c6641000_0, 0;
    %load/vec4 v0x5794c6641920_0;
    %pad/u 66;
    %addi 57, 0, 66;
    %ix/vec4 4;
    %load/vec4a v0x5794c661dd50, 4;
    %assign/vec4 v0x5794c66410e0_0, 0;
    %load/vec4 v0x5794c6641920_0;
    %pad/u 66;
    %addi 58, 0, 66;
    %ix/vec4 4;
    %load/vec4a v0x5794c661dd50, 4;
    %assign/vec4 v0x5794c66411c0_0, 0;
    %load/vec4 v0x5794c6641920_0;
    %pad/u 66;
    %addi 59, 0, 66;
    %ix/vec4 4;
    %load/vec4a v0x5794c661dd50, 4;
    %assign/vec4 v0x5794c66412a0_0, 0;
    %load/vec4 v0x5794c6641920_0;
    %pad/u 66;
    %addi 60, 0, 66;
    %ix/vec4 4;
    %load/vec4a v0x5794c661dd50, 4;
    %assign/vec4 v0x5794c6641380_0, 0;
    %load/vec4 v0x5794c6641920_0;
    %pad/u 65;
    %addi 84, 0, 65;
    %ix/vec4 4;
    %load/vec4a v0x5794c661dd50, 4;
    %assign/vec4 v0x5794c6640040_0, 0;
    %load/vec4 v0x5794c6641920_0;
    %pad/u 66;
    %addi 85, 0, 66;
    %ix/vec4 4;
    %load/vec4a v0x5794c661dd50, 4;
    %assign/vec4 v0x5794c6640120_0, 0;
    %load/vec4 v0x5794c6641920_0;
    %pad/u 66;
    %addi 86, 0, 66;
    %ix/vec4 4;
    %load/vec4a v0x5794c661dd50, 4;
    %assign/vec4 v0x5794c6640200_0, 0;
    %load/vec4 v0x5794c6641920_0;
    %pad/u 66;
    %addi 87, 0, 66;
    %ix/vec4 4;
    %load/vec4a v0x5794c661dd50, 4;
    %assign/vec4 v0x5794c66402e0_0, 0;
    %load/vec4 v0x5794c6641920_0;
    %pad/u 66;
    %addi 88, 0, 66;
    %ix/vec4 4;
    %load/vec4a v0x5794c661dd50, 4;
    %assign/vec4 v0x5794c66403c0_0, 0;
    %load/vec4 v0x5794c6641920_0;
    %pad/u 65;
    %addi 112, 0, 65;
    %ix/vec4 4;
    %load/vec4a v0x5794c661dd50, 4;
    %assign/vec4 v0x5794c66404a0_0, 0;
    %load/vec4 v0x5794c6641920_0;
    %pad/u 66;
    %addi 113, 0, 66;
    %ix/vec4 4;
    %load/vec4a v0x5794c661dd50, 4;
    %assign/vec4 v0x5794c6640580_0, 0;
    %load/vec4 v0x5794c6641920_0;
    %pad/u 66;
    %addi 114, 0, 66;
    %ix/vec4 4;
    %load/vec4a v0x5794c661dd50, 4;
    %assign/vec4 v0x5794c6640660_0, 0;
    %load/vec4 v0x5794c6641920_0;
    %pad/u 66;
    %addi 115, 0, 66;
    %ix/vec4 4;
    %load/vec4a v0x5794c661dd50, 4;
    %assign/vec4 v0x5794c6640740_0, 0;
    %load/vec4 v0x5794c6641920_0;
    %pad/u 66;
    %addi 116, 0, 66;
    %ix/vec4 4;
    %load/vec4a v0x5794c661dd50, 4;
    %assign/vec4 v0x5794c6640820_0, 0;
    %load/vec4 v0x5794c6641920_0;
    %pad/u 9;
    %ix/vec4 4;
    %load/vec4a v0x5794c661dd50, 4;
    %assign/vec4 v0x5794c66409e0_0, 0;
    %load/vec4 v0x5794c6641920_0;
    %pad/u 33;
    %addi 1, 0, 33;
    %ix/vec4 4;
    %load/vec4a v0x5794c661dd50, 4;
    %assign/vec4 v0x5794c6640ac0_0, 0;
    %load/vec4 v0x5794c6641920_0;
    %pad/u 33;
    %addi 2, 0, 33;
    %ix/vec4 4;
    %load/vec4a v0x5794c661dd50, 4;
    %assign/vec4 v0x5794c6640ba0_0, 0;
    %load/vec4 v0x5794c6641920_0;
    %pad/u 33;
    %addi 3, 0, 33;
    %ix/vec4 4;
    %load/vec4a v0x5794c661dd50, 4;
    %assign/vec4 v0x5794c6640c80_0, 0;
    %load/vec4 v0x5794c6641920_0;
    %pad/u 33;
    %addi 4, 0, 33;
    %ix/vec4 4;
    %load/vec4a v0x5794c661dd50, 4;
    %assign/vec4 v0x5794c6640d60_0, 0;
    %jmp T_2.25;
T_2.24 ;
    %load/vec4 v0x5794c661c240_0;
    %cmpi/e 2, 0, 3;
    %jmp/0xz  T_2.26, 4;
    %load/vec4 v0x5794c6641920_0;
    %pad/u 65;
    %addi 56, 0, 65;
    %ix/vec4 4;
    %load/vec4a v0x5794c661dd50, 4;
    %assign/vec4 v0x5794c663fe80_0, 0;
    %load/vec4 v0x5794c6641920_0;
    %pad/u 66;
    %addi 57, 0, 66;
    %ix/vec4 4;
    %load/vec4a v0x5794c661dd50, 4;
    %assign/vec4 v0x5794c663ff60_0, 0;
    %load/vec4 v0x5794c6641920_0;
    %pad/u 66;
    %addi 58, 0, 66;
    %ix/vec4 4;
    %load/vec4a v0x5794c661dd50, 4;
    %assign/vec4 v0x5794c6640900_0, 0;
    %load/vec4 v0x5794c6641920_0;
    %pad/u 66;
    %addi 59, 0, 66;
    %ix/vec4 4;
    %load/vec4a v0x5794c661dd50, 4;
    %assign/vec4 v0x5794c6640e40_0, 0;
    %load/vec4 v0x5794c6641920_0;
    %pad/u 66;
    %addi 60, 0, 66;
    %ix/vec4 4;
    %load/vec4a v0x5794c661dd50, 4;
    %assign/vec4 v0x5794c6640f20_0, 0;
    %load/vec4 v0x5794c6641920_0;
    %pad/u 65;
    %addi 84, 0, 65;
    %ix/vec4 4;
    %load/vec4a v0x5794c661dd50, 4;
    %assign/vec4 v0x5794c6641000_0, 0;
    %load/vec4 v0x5794c6641920_0;
    %pad/u 66;
    %addi 85, 0, 66;
    %ix/vec4 4;
    %load/vec4a v0x5794c661dd50, 4;
    %assign/vec4 v0x5794c66410e0_0, 0;
    %load/vec4 v0x5794c6641920_0;
    %pad/u 66;
    %addi 86, 0, 66;
    %ix/vec4 4;
    %load/vec4a v0x5794c661dd50, 4;
    %assign/vec4 v0x5794c66411c0_0, 0;
    %load/vec4 v0x5794c6641920_0;
    %pad/u 66;
    %addi 87, 0, 66;
    %ix/vec4 4;
    %load/vec4a v0x5794c661dd50, 4;
    %assign/vec4 v0x5794c66412a0_0, 0;
    %load/vec4 v0x5794c6641920_0;
    %pad/u 66;
    %addi 88, 0, 66;
    %ix/vec4 4;
    %load/vec4a v0x5794c661dd50, 4;
    %assign/vec4 v0x5794c6641380_0, 0;
    %load/vec4 v0x5794c6641920_0;
    %pad/u 65;
    %addi 112, 0, 65;
    %ix/vec4 4;
    %load/vec4a v0x5794c661dd50, 4;
    %assign/vec4 v0x5794c6640040_0, 0;
    %load/vec4 v0x5794c6641920_0;
    %pad/u 66;
    %addi 113, 0, 66;
    %ix/vec4 4;
    %load/vec4a v0x5794c661dd50, 4;
    %assign/vec4 v0x5794c6640120_0, 0;
    %load/vec4 v0x5794c6641920_0;
    %pad/u 66;
    %addi 114, 0, 66;
    %ix/vec4 4;
    %load/vec4a v0x5794c661dd50, 4;
    %assign/vec4 v0x5794c6640200_0, 0;
    %load/vec4 v0x5794c6641920_0;
    %pad/u 66;
    %addi 115, 0, 66;
    %ix/vec4 4;
    %load/vec4a v0x5794c661dd50, 4;
    %assign/vec4 v0x5794c66402e0_0, 0;
    %load/vec4 v0x5794c6641920_0;
    %pad/u 66;
    %addi 116, 0, 66;
    %ix/vec4 4;
    %load/vec4a v0x5794c661dd50, 4;
    %assign/vec4 v0x5794c66403c0_0, 0;
    %load/vec4 v0x5794c6641920_0;
    %pad/u 9;
    %ix/vec4 4;
    %load/vec4a v0x5794c661dd50, 4;
    %assign/vec4 v0x5794c66404a0_0, 0;
    %load/vec4 v0x5794c6641920_0;
    %pad/u 33;
    %addi 1, 0, 33;
    %ix/vec4 4;
    %load/vec4a v0x5794c661dd50, 4;
    %assign/vec4 v0x5794c6640580_0, 0;
    %load/vec4 v0x5794c6641920_0;
    %pad/u 33;
    %addi 2, 0, 33;
    %ix/vec4 4;
    %load/vec4a v0x5794c661dd50, 4;
    %assign/vec4 v0x5794c6640660_0, 0;
    %load/vec4 v0x5794c6641920_0;
    %pad/u 33;
    %addi 3, 0, 33;
    %ix/vec4 4;
    %load/vec4a v0x5794c661dd50, 4;
    %assign/vec4 v0x5794c6640740_0, 0;
    %load/vec4 v0x5794c6641920_0;
    %pad/u 33;
    %addi 4, 0, 33;
    %ix/vec4 4;
    %load/vec4a v0x5794c661dd50, 4;
    %assign/vec4 v0x5794c6640820_0, 0;
    %load/vec4 v0x5794c6641920_0;
    %pad/u 33;
    %addi 28, 0, 33;
    %ix/vec4 4;
    %load/vec4a v0x5794c661dd50, 4;
    %assign/vec4 v0x5794c66409e0_0, 0;
    %load/vec4 v0x5794c6641920_0;
    %pad/u 34;
    %addi 29, 0, 34;
    %ix/vec4 4;
    %load/vec4a v0x5794c661dd50, 4;
    %assign/vec4 v0x5794c6640ac0_0, 0;
    %load/vec4 v0x5794c6641920_0;
    %pad/u 34;
    %addi 30, 0, 34;
    %ix/vec4 4;
    %load/vec4a v0x5794c661dd50, 4;
    %assign/vec4 v0x5794c6640ba0_0, 0;
    %load/vec4 v0x5794c6641920_0;
    %pad/u 34;
    %addi 31, 0, 34;
    %ix/vec4 4;
    %load/vec4a v0x5794c661dd50, 4;
    %assign/vec4 v0x5794c6640c80_0, 0;
    %load/vec4 v0x5794c6641920_0;
    %pad/u 34;
    %addi 32, 0, 34;
    %ix/vec4 4;
    %load/vec4a v0x5794c661dd50, 4;
    %assign/vec4 v0x5794c6640d60_0, 0;
    %jmp T_2.27;
T_2.26 ;
    %load/vec4 v0x5794c661c240_0;
    %cmpi/e 3, 0, 3;
    %jmp/0xz  T_2.28, 4;
    %load/vec4 v0x5794c6641920_0;
    %pad/u 65;
    %addi 84, 0, 65;
    %ix/vec4 4;
    %load/vec4a v0x5794c661dd50, 4;
    %assign/vec4 v0x5794c663fe80_0, 0;
    %load/vec4 v0x5794c6641920_0;
    %pad/u 66;
    %addi 85, 0, 66;
    %ix/vec4 4;
    %load/vec4a v0x5794c661dd50, 4;
    %assign/vec4 v0x5794c663ff60_0, 0;
    %load/vec4 v0x5794c6641920_0;
    %pad/u 66;
    %addi 86, 0, 66;
    %ix/vec4 4;
    %load/vec4a v0x5794c661dd50, 4;
    %assign/vec4 v0x5794c6640900_0, 0;
    %load/vec4 v0x5794c6641920_0;
    %pad/u 66;
    %addi 87, 0, 66;
    %ix/vec4 4;
    %load/vec4a v0x5794c661dd50, 4;
    %assign/vec4 v0x5794c6640e40_0, 0;
    %load/vec4 v0x5794c6641920_0;
    %pad/u 66;
    %addi 88, 0, 66;
    %ix/vec4 4;
    %load/vec4a v0x5794c661dd50, 4;
    %assign/vec4 v0x5794c6640f20_0, 0;
    %load/vec4 v0x5794c6641920_0;
    %pad/u 65;
    %addi 112, 0, 65;
    %ix/vec4 4;
    %load/vec4a v0x5794c661dd50, 4;
    %assign/vec4 v0x5794c6641000_0, 0;
    %load/vec4 v0x5794c6641920_0;
    %pad/u 66;
    %addi 113, 0, 66;
    %ix/vec4 4;
    %load/vec4a v0x5794c661dd50, 4;
    %assign/vec4 v0x5794c66410e0_0, 0;
    %load/vec4 v0x5794c6641920_0;
    %pad/u 66;
    %addi 114, 0, 66;
    %ix/vec4 4;
    %load/vec4a v0x5794c661dd50, 4;
    %assign/vec4 v0x5794c66411c0_0, 0;
    %load/vec4 v0x5794c6641920_0;
    %pad/u 66;
    %addi 115, 0, 66;
    %ix/vec4 4;
    %load/vec4a v0x5794c661dd50, 4;
    %assign/vec4 v0x5794c66412a0_0, 0;
    %load/vec4 v0x5794c6641920_0;
    %pad/u 66;
    %addi 116, 0, 66;
    %ix/vec4 4;
    %load/vec4a v0x5794c661dd50, 4;
    %assign/vec4 v0x5794c6641380_0, 0;
    %load/vec4 v0x5794c6641920_0;
    %pad/u 9;
    %ix/vec4 4;
    %load/vec4a v0x5794c661dd50, 4;
    %assign/vec4 v0x5794c6640040_0, 0;
    %load/vec4 v0x5794c6641920_0;
    %pad/u 33;
    %addi 1, 0, 33;
    %ix/vec4 4;
    %load/vec4a v0x5794c661dd50, 4;
    %assign/vec4 v0x5794c6640120_0, 0;
    %load/vec4 v0x5794c6641920_0;
    %pad/u 33;
    %addi 2, 0, 33;
    %ix/vec4 4;
    %load/vec4a v0x5794c661dd50, 4;
    %assign/vec4 v0x5794c6640200_0, 0;
    %load/vec4 v0x5794c6641920_0;
    %pad/u 33;
    %addi 3, 0, 33;
    %ix/vec4 4;
    %load/vec4a v0x5794c661dd50, 4;
    %assign/vec4 v0x5794c66402e0_0, 0;
    %load/vec4 v0x5794c6641920_0;
    %pad/u 33;
    %addi 4, 0, 33;
    %ix/vec4 4;
    %load/vec4a v0x5794c661dd50, 4;
    %assign/vec4 v0x5794c66403c0_0, 0;
    %load/vec4 v0x5794c6641920_0;
    %pad/u 33;
    %addi 28, 0, 33;
    %ix/vec4 4;
    %load/vec4a v0x5794c661dd50, 4;
    %assign/vec4 v0x5794c66404a0_0, 0;
    %load/vec4 v0x5794c6641920_0;
    %pad/u 34;
    %addi 29, 0, 34;
    %ix/vec4 4;
    %load/vec4a v0x5794c661dd50, 4;
    %assign/vec4 v0x5794c6640580_0, 0;
    %load/vec4 v0x5794c6641920_0;
    %pad/u 34;
    %addi 30, 0, 34;
    %ix/vec4 4;
    %load/vec4a v0x5794c661dd50, 4;
    %assign/vec4 v0x5794c6640660_0, 0;
    %load/vec4 v0x5794c6641920_0;
    %pad/u 34;
    %addi 31, 0, 34;
    %ix/vec4 4;
    %load/vec4a v0x5794c661dd50, 4;
    %assign/vec4 v0x5794c6640740_0, 0;
    %load/vec4 v0x5794c6641920_0;
    %pad/u 34;
    %addi 32, 0, 34;
    %ix/vec4 4;
    %load/vec4a v0x5794c661dd50, 4;
    %assign/vec4 v0x5794c6640820_0, 0;
    %load/vec4 v0x5794c6641920_0;
    %pad/u 65;
    %addi 56, 0, 65;
    %ix/vec4 4;
    %load/vec4a v0x5794c661dd50, 4;
    %assign/vec4 v0x5794c66409e0_0, 0;
    %load/vec4 v0x5794c6641920_0;
    %pad/u 66;
    %addi 57, 0, 66;
    %ix/vec4 4;
    %load/vec4a v0x5794c661dd50, 4;
    %assign/vec4 v0x5794c6640ac0_0, 0;
    %load/vec4 v0x5794c6641920_0;
    %pad/u 66;
    %addi 58, 0, 66;
    %ix/vec4 4;
    %load/vec4a v0x5794c661dd50, 4;
    %assign/vec4 v0x5794c6640ba0_0, 0;
    %load/vec4 v0x5794c6641920_0;
    %pad/u 66;
    %addi 59, 0, 66;
    %ix/vec4 4;
    %load/vec4a v0x5794c661dd50, 4;
    %assign/vec4 v0x5794c6640c80_0, 0;
    %load/vec4 v0x5794c6641920_0;
    %pad/u 66;
    %addi 60, 0, 66;
    %ix/vec4 4;
    %load/vec4a v0x5794c661dd50, 4;
    %assign/vec4 v0x5794c6640d60_0, 0;
    %jmp T_2.29;
T_2.28 ;
    %load/vec4 v0x5794c661c240_0;
    %cmpi/e 4, 0, 3;
    %jmp/0xz  T_2.30, 4;
    %load/vec4 v0x5794c6641920_0;
    %pad/u 65;
    %addi 112, 0, 65;
    %ix/vec4 4;
    %load/vec4a v0x5794c661dd50, 4;
    %assign/vec4 v0x5794c663fe80_0, 0;
    %load/vec4 v0x5794c6641920_0;
    %pad/u 66;
    %addi 113, 0, 66;
    %ix/vec4 4;
    %load/vec4a v0x5794c661dd50, 4;
    %assign/vec4 v0x5794c663ff60_0, 0;
    %load/vec4 v0x5794c6641920_0;
    %pad/u 66;
    %addi 114, 0, 66;
    %ix/vec4 4;
    %load/vec4a v0x5794c661dd50, 4;
    %assign/vec4 v0x5794c6640900_0, 0;
    %load/vec4 v0x5794c6641920_0;
    %pad/u 66;
    %addi 115, 0, 66;
    %ix/vec4 4;
    %load/vec4a v0x5794c661dd50, 4;
    %assign/vec4 v0x5794c6640e40_0, 0;
    %load/vec4 v0x5794c6641920_0;
    %pad/u 66;
    %addi 116, 0, 66;
    %ix/vec4 4;
    %load/vec4a v0x5794c661dd50, 4;
    %assign/vec4 v0x5794c6640f20_0, 0;
    %load/vec4 v0x5794c6641920_0;
    %pad/u 9;
    %ix/vec4 4;
    %load/vec4a v0x5794c661dd50, 4;
    %assign/vec4 v0x5794c6641000_0, 0;
    %load/vec4 v0x5794c6641920_0;
    %pad/u 33;
    %addi 1, 0, 33;
    %ix/vec4 4;
    %load/vec4a v0x5794c661dd50, 4;
    %assign/vec4 v0x5794c66410e0_0, 0;
    %load/vec4 v0x5794c6641920_0;
    %pad/u 33;
    %addi 2, 0, 33;
    %ix/vec4 4;
    %load/vec4a v0x5794c661dd50, 4;
    %assign/vec4 v0x5794c66411c0_0, 0;
    %load/vec4 v0x5794c6641920_0;
    %pad/u 33;
    %addi 3, 0, 33;
    %ix/vec4 4;
    %load/vec4a v0x5794c661dd50, 4;
    %assign/vec4 v0x5794c66412a0_0, 0;
    %load/vec4 v0x5794c6641920_0;
    %pad/u 33;
    %addi 4, 0, 33;
    %ix/vec4 4;
    %load/vec4a v0x5794c661dd50, 4;
    %assign/vec4 v0x5794c6641380_0, 0;
    %load/vec4 v0x5794c6641920_0;
    %pad/u 33;
    %addi 28, 0, 33;
    %ix/vec4 4;
    %load/vec4a v0x5794c661dd50, 4;
    %assign/vec4 v0x5794c6640040_0, 0;
    %load/vec4 v0x5794c6641920_0;
    %pad/u 34;
    %addi 29, 0, 34;
    %ix/vec4 4;
    %load/vec4a v0x5794c661dd50, 4;
    %assign/vec4 v0x5794c6640120_0, 0;
    %load/vec4 v0x5794c6641920_0;
    %pad/u 34;
    %addi 30, 0, 34;
    %ix/vec4 4;
    %load/vec4a v0x5794c661dd50, 4;
    %assign/vec4 v0x5794c6640200_0, 0;
    %load/vec4 v0x5794c6641920_0;
    %pad/u 34;
    %addi 31, 0, 34;
    %ix/vec4 4;
    %load/vec4a v0x5794c661dd50, 4;
    %assign/vec4 v0x5794c66402e0_0, 0;
    %load/vec4 v0x5794c6641920_0;
    %pad/u 34;
    %addi 32, 0, 34;
    %ix/vec4 4;
    %load/vec4a v0x5794c661dd50, 4;
    %assign/vec4 v0x5794c66403c0_0, 0;
    %load/vec4 v0x5794c6641920_0;
    %pad/u 65;
    %addi 56, 0, 65;
    %ix/vec4 4;
    %load/vec4a v0x5794c661dd50, 4;
    %assign/vec4 v0x5794c66404a0_0, 0;
    %load/vec4 v0x5794c6641920_0;
    %pad/u 66;
    %addi 57, 0, 66;
    %ix/vec4 4;
    %load/vec4a v0x5794c661dd50, 4;
    %assign/vec4 v0x5794c6640580_0, 0;
    %load/vec4 v0x5794c6641920_0;
    %pad/u 66;
    %addi 58, 0, 66;
    %ix/vec4 4;
    %load/vec4a v0x5794c661dd50, 4;
    %assign/vec4 v0x5794c6640660_0, 0;
    %load/vec4 v0x5794c6641920_0;
    %pad/u 66;
    %addi 59, 0, 66;
    %ix/vec4 4;
    %load/vec4a v0x5794c661dd50, 4;
    %assign/vec4 v0x5794c6640740_0, 0;
    %load/vec4 v0x5794c6641920_0;
    %pad/u 66;
    %addi 60, 0, 66;
    %ix/vec4 4;
    %load/vec4a v0x5794c661dd50, 4;
    %assign/vec4 v0x5794c6640820_0, 0;
    %load/vec4 v0x5794c6641920_0;
    %pad/u 65;
    %addi 84, 0, 65;
    %ix/vec4 4;
    %load/vec4a v0x5794c661dd50, 4;
    %assign/vec4 v0x5794c66409e0_0, 0;
    %load/vec4 v0x5794c6641920_0;
    %pad/u 66;
    %addi 85, 0, 66;
    %ix/vec4 4;
    %load/vec4a v0x5794c661dd50, 4;
    %assign/vec4 v0x5794c6640ac0_0, 0;
    %load/vec4 v0x5794c6641920_0;
    %pad/u 66;
    %addi 86, 0, 66;
    %ix/vec4 4;
    %load/vec4a v0x5794c661dd50, 4;
    %assign/vec4 v0x5794c6640ba0_0, 0;
    %load/vec4 v0x5794c6641920_0;
    %pad/u 66;
    %addi 87, 0, 66;
    %ix/vec4 4;
    %load/vec4a v0x5794c661dd50, 4;
    %assign/vec4 v0x5794c6640c80_0, 0;
    %load/vec4 v0x5794c6641920_0;
    %pad/u 66;
    %addi 88, 0, 66;
    %ix/vec4 4;
    %load/vec4a v0x5794c661dd50, 4;
    %assign/vec4 v0x5794c6640d60_0, 0;
T_2.30 ;
T_2.29 ;
T_2.27 ;
T_2.25 ;
T_2.23 ;
T_2.9 ;
T_2.4 ;
T_2.1 ;
    %jmp T_2;
    .thread T_2;
    .scope S_0x5794c65d44b0;
T_3 ;
    %delay 5, 0;
    %load/vec4 v0x5794c6642200_0;
    %inv;
    %store/vec4 v0x5794c6642200_0, 0, 1;
    %jmp T_3;
    .thread T_3;
    .scope S_0x5794c65d44b0;
T_4 ;
    %vpi_call 2 99 "$dumpfile", "tb_conv1_buf.vcd" {0 0 0};
    %vpi_call 2 100 "$dumpvars", 32'sb00000000000000000000000000000000, S_0x5794c65d44b0 {0 0 0};
    %end;
    .thread T_4;
    .scope S_0x5794c65d44b0;
T_5 ;
    %pushi/vec4 0, 0, 1;
    %store/vec4 v0x5794c6642200_0, 0, 1;
    %pushi/vec4 0, 0, 1;
    %store/vec4 v0x5794c66442b0_0, 0, 1;
    %pushi/vec4 0, 0, 1;
    %store/vec4 v0x5794c6644440_0, 0, 1;
    %pushi/vec4 0, 0, 8;
    %store/vec4 v0x5794c66423b0_0, 0, 8;
    %pushi/vec4 0, 0, 32;
    %store/vec4 v0x5794c66440f0_0, 0, 32;
    %pushi/vec4 0, 0, 32;
    %store/vec4 v0x5794c6644380_0, 0, 32;
    %pushi/vec4 0, 0, 32;
    %store/vec4 v0x5794c6643920_0, 0, 32;
    %delay 20, 0;
    %pushi/vec4 1, 0, 1;
    %store/vec4 v0x5794c66442b0_0, 0, 1;
    %delay 10, 0;
    %pushi/vec4 0, 0, 32;
    %store/vec4 v0x5794c66441d0_0, 0, 32;
T_5.0 ;
    %load/vec4 v0x5794c66441d0_0;
    %cmpi/s 28, 0, 32;
    %jmp/0xz T_5.1, 5;
    %pushi/vec4 0, 0, 32;
    %store/vec4 v0x5794c66422f0_0, 0, 32;
T_5.2 ;
    %load/vec4 v0x5794c66422f0_0;
    %cmpi/s 28, 0, 32;
    %jmp/0xz T_5.3, 5;
    %wait E_0x5794c65a3380;
    %pushi/vec4 1, 0, 1;
    %store/vec4 v0x5794c6644440_0, 0, 1;
    %load/vec4 v0x5794c66441d0_0;
    %muli 28, 0, 32;
    %load/vec4 v0x5794c66422f0_0;
    %add;
    %pad/s 8;
    %store/vec4 v0x5794c66423b0_0, 0, 8;
    %load/vec4 v0x5794c66423b0_0;
    %load/vec4 v0x5794c66441d0_0;
    %pad/s 37;
    %pad/s 42;
    %muli 28, 0, 42;
    %pad/s 43;
    %load/vec4 v0x5794c66422f0_0;
    %pad/s 43;
    %add;
    %ix/vec4/s 4;
    %store/vec4a v0x5794c6643c60, 4, 0;
    %load/vec4 v0x5794c66440f0_0;
    %addi 1, 0, 32;
    %store/vec4 v0x5794c66440f0_0, 0, 32;
    %load/vec4 v0x5794c66422f0_0;
    %addi 1, 0, 32;
    %store/vec4 v0x5794c66422f0_0, 0, 32;
    %jmp T_5.2;
T_5.3 ;
    %load/vec4 v0x5794c66441d0_0;
    %addi 1, 0, 32;
    %store/vec4 v0x5794c66441d0_0, 0, 32;
    %jmp T_5.0;
T_5.1 ;
    %wait E_0x5794c65a3380;
    %pushi/vec4 0, 0, 1;
    %store/vec4 v0x5794c6644440_0, 0, 1;
    %pushi/vec4 20, 0, 32;
T_5.4 %dup/vec4;
    %pushi/vec4 0, 0, 32;
    %cmp/s;
    %jmp/1xz T_5.5, 5;
    %jmp/1 T_5.5, 4;
    %pushi/vec4 1, 0, 32;
    %sub;
    %wait E_0x5794c65a3380;
    %jmp T_5.4;
T_5.5 ;
    %pop/vec4 1;
    %vpi_call 2 132 "$display", "Total valid outputs: %0d", v0x5794c6644380_0 {0 0 0};
    %load/vec4 v0x5794c6644380_0;
    %cmpi/e 576, 0, 32;
    %jmp/0xz  T_5.6, 4;
    %vpi_call 2 134 "$display", "Valid count OK" {0 0 0};
    %jmp T_5.7;
T_5.6 ;
    %vpi_call 2 136 "$display", "ERROR: Expected %0d valid outputs", 32'sb00000000000000000000001001000000 {0 0 0};
T_5.7 ;
    %load/vec4 v0x5794c6643920_0;
    %cmpi/e 0, 0, 32;
    %jmp/0xz  T_5.8, 4;
    %vpi_call 2 140 "$display", "TEST PASSED" {0 0 0};
    %jmp T_5.9;
T_5.8 ;
    %vpi_call 2 142 "$display", "TEST FAILED with %0d errors", v0x5794c6643920_0 {0 0 0};
T_5.9 ;
    %vpi_call 2 144 "$finish" {0 0 0};
    %end;
    .thread T_5;
    .scope S_0x5794c65d44b0;
T_6 ;
    %wait E_0x5794c65a23e0;
    %load/vec4 v0x5794c66442b0_0;
    %load/vec4 v0x5794c6644510_0;
    %and;
    %flag_set/vec4 8;
    %jmp/0xz  T_6.0, 8;
    %load/vec4 v0x5794c6644380_0;
    %addi 1, 0, 32;
    %store/vec4 v0x5794c6644380_0, 0, 32;
    %load/vec4 v0x5794c66440f0_0;
    %cmpi/s 141, 0, 32;
    %flag_inv 5; GE is !LT
    %jmp/0xz  T_6.2, 5;
    %load/vec4 v0x5794c66440f0_0;
    %subi 141, 0, 32;
    %store/vec4 v0x5794c6644010_0, 0, 32;
    %load/vec4 v0x5794c6644010_0;
    %pushi/vec4 28, 0, 32;
    %mod/s;
    %store/vec4 v0x5794c66445e0_0, 0, 32;
    %load/vec4 v0x5794c6644010_0;
    %pushi/vec4 28, 0, 32;
    %div/s;
    %store/vec4 v0x5794c6643aa0_0, 0, 32;
    %pushi/vec4 0, 0, 32;
    %store/vec4 v0x5794c6643b80_0, 0, 32;
T_6.4 ;
    %load/vec4 v0x5794c6643b80_0;
    %cmpi/s 5, 0, 32;
    %jmp/0xz T_6.5, 5;
    %pushi/vec4 0, 0, 32;
    %store/vec4 v0x5794c6643f30_0, 0, 32;
T_6.6 ;
    %load/vec4 v0x5794c6643f30_0;
    %cmpi/s 5, 0, 32;
    %jmp/0xz T_6.7, 5;
    %load/vec4 v0x5794c6643aa0_0;
    %pad/s 33;
    %load/vec4 v0x5794c6643b80_0;
    %pad/s 33;
    %add;
    %pad/s 38;
    %pad/s 43;
    %muli 28, 0, 43;
    %pad/s 44;
    %load/vec4 v0x5794c66445e0_0;
    %pad/s 33;
    %load/vec4 v0x5794c6643f30_0;
    %pad/s 33;
    %add;
    %pad/s 44;
    %add;
    %ix/vec4/s 4;
    %load/vec4a v0x5794c6643c60, 4;
    %load/vec4 v0x5794c6643b80_0;
    %pad/s 65;
    %muli 5, 0, 65;
    %load/vec4 v0x5794c6643f30_0;
    %pad/s 65;
    %add;
    %ix/vec4/s 4;
    %store/vec4a v0x5794c66439e0, 4, 0;
    %load/vec4 v0x5794c6643f30_0;
    %addi 1, 0, 32;
    %store/vec4 v0x5794c6643f30_0, 0, 32;
    %jmp T_6.6;
T_6.7 ;
    %load/vec4 v0x5794c6643b80_0;
    %addi 1, 0, 32;
    %store/vec4 v0x5794c6643b80_0, 0, 32;
    %jmp T_6.4;
T_6.5 ;
    %fork TD_tb_conv1_buf.compare_outputs, S_0x5794c65d4780;
    %join;
T_6.2 ;
T_6.0 ;
    %jmp T_6;
    .thread T_6;
# The file index is used to find the file name in the following table.
:file_names 4;
    "N/A";
    "<interactive>";
    "tb_conv1_buf.v";
    "../../sources_1/new/conv1_buf.v";
