INFO: [VRFC 10-2263] Analyzing Verilog file "D:/MOODLE/Vivado_projects/FPGA_based_CNN_Acclerator/fpga_based_cnn_accelelrator/fpga_based_cnn_accelelrator.srcs/sources_1/new/axis_cnn_mnist.v" into library xil_defaultlib
INFO: [VRFC 10-311] analyzing module axis_cnn_mnist
INFO: [VRFC 10-2263] Analyzing Verilog file "D:/MOODLE/Vivado_projects/FPGA_based_CNN_Acclerator/fpga_based_cnn_accelelrator/fpga_based_cnn_accelelrator.srcs/sources_1/new/comparator.v" into library xil_defaultlib
INFO: [VRFC 10-311] analyzing module comparator
INFO: [VRFC 10-2263] Analyzing Verilog file "D:/MOODLE/Vivado_projects/FPGA_based_CNN_Acclerator/fpga_based_cnn_accelelrator/fpga_based_cnn_accelelrator.srcs/sources_1/new/conv1_buf.v" into library xil_defaultlib
INFO: [VRFC 10-311] analyzing module conv1_buf
INFO: [VRFC 10-2263] Analyzing Verilog file "D:/MOODLE/Vivado_projects/FPGA_based_CNN_Acclerator/fpga_based_cnn_accelelrator/fpga_based_cnn_accelelrator.srcs/sources_1/new/conv1_calc.v" into library xil_defaultlib
INFO: [VRFC 10-311] analyzing module conv1_calc
INFO: [VRFC 10-2263] Analyzing Verilog file "D:/MOODLE/Vivado_projects/FPGA_based_CNN_Acclerator/fpga_based_cnn_accelelrator/fpga_based_cnn_accelelrator.srcs/sources_1/new/conv1_layer.v" into library xil_defaultlib
INFO: [VRFC 10-311] analyzing module conv1_layer
INFO: [VRFC 10-2263] Analyzing Verilog file "D:/MOODLE/Vivado_projects/FPGA_based_CNN_Acclerator/fpga_based_cnn_accelelrator/fpga_based_cnn_accelelrator.srcs/sources_1/new/conv2_buf.v" into library xil_defaultlib
INFO: [VRFC 10-311] analyzing module conv2_buf
INFO: [VRFC 10-2263] Analyzing Verilog file "D:/MOODLE/Vivado_projects/FPGA_based_CNN_Acclerator/fpga_based_cnn_accelelrator/fpga_based_cnn_accelelrator.srcs/sources_1/new/conv2_calc.v" into library xil_defaultlib
INFO: [VRFC 10-311] analyzing module conv2_calc
INFO: [VRFC 10-2263] Analyzing Verilog file "D:/MOODLE/Vivado_projects/FPGA_based_CNN_Acclerator/fpga_based_cnn_accelelrator/fpga_based_cnn_accelelrator.srcs/sources_1/new/conv2_layer.v" into library xil_defaultlib
INFO: [VRFC 10-311] analyzing module conv2_layer
INFO: [VRFC 10-2263] Analyzing Verilog file "D:/MOODLE/Vivado_projects/FPGA_based_CNN_Acclerator/fpga_based_cnn_accelelrator/fpga_based_cnn_accelelrator.srcs/sources_1/new/fully_connected.v" into library xil_defaultlib
INFO: [VRFC 10-311] analyzing module fully_connected
INFO: [VRFC 10-2263] Analyzing Verilog file "D:/MOODLE/Vivado_projects/FPGA_based_CNN_Acclerator/fpga_based_cnn_accelelrator/fpga_based_cnn_accelelrator.srcs/sources_1/new/maxpool_relu.v" into library xil_defaultlib
INFO: [VRFC 10-311] analyzing module maxpool_relu
INFO: [VRFC 10-2263] Analyzing Verilog file "D:/MOODLE/Vivado_projects/FPGA_based_CNN_Acclerator/fpga_based_cnn_accelelrator/fpga_based_cnn_accelelrator.srcs/sim_1/new/tb_axis_cnn_mnist_full.v" into library xil_defaultlib
INFO: [VRFC 10-311] analyzing module tb_axis_cnn_mnist_full
