Vivado Simulator 2020.2
Copyright 1986-1999, 2001-2020 Xilinx, Inc. All Rights Reserved.
Running: /tools/Xilinx/Vivado/2020.2/bin/unwrapped/lnx64.o/xelab -wto a94173a97a804e29ad08aa9939c7282f --incr --debug typical --relax --mt 8 -L xil_defaultlib -L unisims_ver -L unimacro_ver -L secureip --snapshot tb_axis_cnn_mnist_full_behav xil_defaultlib.tb_axis_cnn_mnist_full xil_defaultlib.glbl -log elaborate.log 
Using 8 slave threads.
Starting static elaboration
Pass Through NonSizing Optimizer
Completed static elaboration
Starting simulation data flow analysis
WARNING: [XSIM 43-4099] "/media/nisitha/My_Passport/MOODLE/Vivado_projects/FPGA_based_CNN_Acclerator/fpga_based_cnn_accelelrator/fpga_based_cnn_accelelrator.srcs/sources_1/new/axis_cnn_mnist.v" Line 1. Module axis_cnn_mnist doesn't have a timescale but at least one module in design has a timescale.
WARNING: [XSIM 43-4099] "/media/nisitha/My_Passport/MOODLE/Vivado_projects/FPGA_based_CNN_Acclerator/fpga_based_cnn_accelelrator/fpga_based_cnn_accelelrator.srcs/sources_1/new/conv1_layer.v" Line 1. Module conv1_layer doesn't have a timescale but at least one module in design has a timescale.
WARNING: [XSIM 43-4099] "/media/nisitha/My_Passport/MOODLE/Vivado_projects/FPGA_based_CNN_Acclerator/fpga_based_cnn_accelelrator/fpga_based_cnn_accelelrator.srcs/sources_1/new/conv1_buf.v" Line 3. Module conv1_buf doesn't have a timescale but at least one module in design has a timescale.
WARNING: [XSIM 43-4099] "/media/nisitha/My_Passport/MOODLE/Vivado_projects/FPGA_based_CNN_Acclerator/fpga_based_cnn_accelelrator/fpga_based_cnn_accelelrator.srcs/sources_1/new/conv1_calc.v" Line 4. Module conv1_calc doesn't have a timescale but at least one module in design has a timescale.
WARNING: [XSIM 43-4099] "/media/nisitha/My_Passport/MOODLE/Vivado_projects/FPGA_based_CNN_Acclerator/fpga_based_cnn_accelelrator/fpga_based_cnn_accelelrator.srcs/sources_1/new/maxpool_relu.v" Line 1. Module maxpool_relu doesn't have a timescale but at least one module in design has a timescale.
WARNING: [XSIM 43-4099] "/media/nisitha/My_Passport/MOODLE/Vivado_projects/FPGA_based_CNN_Acclerator/fpga_based_cnn_accelelrator/fpga_based_cnn_accelelrator.srcs/sources_1/new/conv2_layer.v" Line 1. Module conv2_layer doesn't have a timescale but at least one module in design has a timescale.
WARNING: [XSIM 43-4099] "/media/nisitha/My_Passport/MOODLE/Vivado_projects/FPGA_based_CNN_Acclerator/fpga_based_cnn_accelelrator/fpga_based_cnn_accelelrator.srcs/sources_1/new/conv2_buf.v" Line 1. Module conv2_buf doesn't have a timescale but at least one module in design has a timescale.
WARNING: [XSIM 43-4099] "/media/nisitha/My_Passport/MOODLE/Vivado_projects/FPGA_based_CNN_Acclerator/fpga_based_cnn_accelelrator/fpga_based_cnn_accelelrator.srcs/sources_1/new/conv2_buf.v" Line 1. Module conv2_buf doesn't have a timescale but at least one module in design has a timescale.
WARNING: [XSIM 43-4099] "/media/nisitha/My_Passport/MOODLE/Vivado_projects/FPGA_based_CNN_Acclerator/fpga_based_cnn_accelelrator/fpga_based_cnn_accelelrator.srcs/sources_1/new/conv2_buf.v" Line 1. Module conv2_buf doesn't have a timescale but at least one module in design has a timescale.
WARNING: [XSIM 43-4099] "/media/nisitha/My_Passport/MOODLE/Vivado_projects/FPGA_based_CNN_Acclerator/fpga_based_cnn_accelelrator/fpga_based_cnn_accelelrator.srcs/sources_1/new/conv2_calc.v" Line 4. Module conv2_calc doesn't have a timescale but at least one module in design has a timescale.
WARNING: [XSIM 43-4099] "/media/nisitha/My_Passport/MOODLE/Vivado_projects/FPGA_based_CNN_Acclerator/fpga_based_cnn_accelelrator/fpga_based_cnn_accelelrator.srcs/sources_1/new/conv2_calc.v" Line 4. Module conv2_calc(WEIGHT_1="conv2_weight_21.mem",WEIGHT_2="conv2_weight_22.mem",WEIGHT_3="conv2_weight_23.mem") doesn't have a timescale but at least one module in design has a timescale.
WARNING: [XSIM 43-4099] "/media/nisitha/My_Passport/MOODLE/Vivado_projects/FPGA_based_CNN_Acclerator/fpga_based_cnn_accelelrator/fpga_based_cnn_accelelrator.srcs/sources_1/new/conv2_calc.v" Line 4. Module conv2_calc(WEIGHT_1="conv2_weight_31.mem",WEIGHT_2="conv2_weight_32.mem",WEIGHT_3="conv2_weight_33.mem") doesn't have a timescale but at least one module in design has a timescale.
WARNING: [XSIM 43-4099] "/media/nisitha/My_Passport/MOODLE/Vivado_projects/FPGA_based_CNN_Acclerator/fpga_based_cnn_accelelrator/fpga_based_cnn_accelelrator.srcs/sources_1/new/maxpool_relu.v" Line 1. Module maxpool_relu(HALF_WIDTH=4,HALF_WIDTH_BIT=3) doesn't have a timescale but at least one module in design has a timescale.
WARNING: [XSIM 43-4099] "/media/nisitha/My_Passport/MOODLE/Vivado_projects/FPGA_based_CNN_Acclerator/fpga_based_cnn_accelelrator/fpga_based_cnn_accelelrator.srcs/sources_1/new/fully_connected.v" Line 1. Module fully_connected doesn't have a timescale but at least one module in design has a timescale.
WARNING: [XSIM 43-4099] "/media/nisitha/My_Passport/MOODLE/Vivado_projects/FPGA_based_CNN_Acclerator/fpga_based_cnn_accelelrator/fpga_based_cnn_accelelrator.srcs/sources_1/new/comparator.v" Line 1. Module comparator doesn't have a timescale but at least one module in design has a timescale.
WARNING: [XSIM 43-4099] "/media/nisitha/My_Passport/MOODLE/Vivado_projects/FPGA_based_CNN_Acclerator/fpga_based_cnn_accelelrator/fpga_based_cnn_accelelrator.srcs/sources_1/new/axis_cnn_mnist.v" Line 1. Module axis_cnn_mnist doesn't have a timescale but at least one module in design has a timescale.
WARNING: [XSIM 43-4099] "/media/nisitha/My_Passport/MOODLE/Vivado_projects/FPGA_based_CNN_Acclerator/fpga_based_cnn_accelelrator/fpga_based_cnn_accelelrator.srcs/sources_1/new/conv1_layer.v" Line 1. Module conv1_layer doesn't have a timescale but at least one module in design has a timescale.
WARNING: [XSIM 43-4099] "/media/nisitha/My_Passport/MOODLE/Vivado_projects/FPGA_based_CNN_Acclerator/fpga_based_cnn_accelelrator/fpga_based_cnn_accelelrator.srcs/sources_1/new/conv1_buf.v" Line 3. Module conv1_buf doesn't have a timescale but at least one module in design has a timescale.
WARNING: [XSIM 43-4099] "/media/nisitha/My_Passport/MOODLE/Vivado_projects/FPGA_based_CNN_Acclerator/fpga_based_cnn_accelelrator/fpga_based_cnn_accelelrator.srcs/sources_1/new/conv1_calc.v" Line 4. Module conv1_calc doesn't have a timescale but at least one module in design has a timescale.
WARNING: [XSIM 43-4099] "/media/nisitha/My_Passport/MOODLE/Vivado_projects/FPGA_based_CNN_Acclerator/fpga_based_cnn_accelelrator/fpga_based_cnn_accelelrator.srcs/sources_1/new/maxpool_relu.v" Line 1. Module maxpool_relu doesn't have a timescale but at least one module in design has a timescale.
WARNING: [XSIM 43-4099] "/media/nisitha/My_Passport/MOODLE/Vivado_projects/FPGA_based_CNN_Acclerator/fpga_based_cnn_accelelrator/fpga_based_cnn_accelelrator.srcs/sources_1/new/conv2_layer.v" Line 1. Module conv2_layer doesn't have a timescale but at least one module in design has a timescale.
WARNING: [XSIM 43-4099] "/media/nisitha/My_Passport/MOODLE/Vivado_projects/FPGA_based_CNN_Acclerator/fpga_based_cnn_accelelrator/fpga_based_cnn_accelelrator.srcs/sources_1/new/conv2_buf.v" Line 1. Module conv2_buf doesn't have a timescale but at least one module in design has a timescale.
WARNING: [XSIM 43-4099] "/media/nisitha/My_Passport/MOODLE/Vivado_projects/FPGA_based_CNN_Acclerator/fpga_based_cnn_accelelrator/fpga_based_cnn_accelelrator.srcs/sources_1/new/conv2_buf.v" Line 1. Module conv2_buf doesn't have a timescale but at least one module in design has a timescale.
WARNING: [XSIM 43-4099] "/media/nisitha/My_Passport/MOODLE/Vivado_projects/FPGA_based_CNN_Acclerator/fpga_based_cnn_accelelrator/fpga_based_cnn_accelelrator.srcs/sources_1/new/conv2_buf.v" Line 1. Module conv2_buf doesn't have a timescale but at least one module in design has a timescale.
WARNING: [XSIM 43-4099] "/media/nisitha/My_Passport/MOODLE/Vivado_projects/FPGA_based_CNN_Acclerator/fpga_based_cnn_accelelrator/fpga_based_cnn_accelelrator.srcs/sources_1/new/conv2_calc.v" Line 4. Module conv2_calc doesn't have a timescale but at least one module in design has a timescale.
WARNING: [XSIM 43-4099] "/media/nisitha/My_Passport/MOODLE/Vivado_projects/FPGA_based_CNN_Acclerator/fpga_based_cnn_accelelrator/fpga_based_cnn_accelelrator.srcs/sources_1/new/conv2_calc.v" Line 4. Module conv2_calc(WEIGHT_1="conv2_weight_21.mem",WEIGHT_2="conv2_weight_22.mem",WEIGHT_3="conv2_weight_23.mem") doesn't have a timescale but at least one module in design has a timescale.
WARNING: [XSIM 43-4099] "/media/nisitha/My_Passport/MOODLE/Vivado_projects/FPGA_based_CNN_Acclerator/fpga_based_cnn_accelelrator/fpga_based_cnn_accelelrator.srcs/sources_1/new/conv2_calc.v" Line 4. Module conv2_calc(WEIGHT_1="conv2_weight_31.mem",WEIGHT_2="conv2_weight_32.mem",WEIGHT_3="conv2_weight_33.mem") doesn't have a timescale but at least one module in design has a timescale.
WARNING: [XSIM 43-4099] "/media/nisitha/My_Passport/MOODLE/Vivado_projects/FPGA_based_CNN_Acclerator/fpga_based_cnn_accelelrator/fpga_based_cnn_accelelrator.srcs/sources_1/new/maxpool_relu.v" Line 1. Module maxpool_relu(HALF_WIDTH=4,HALF_WIDTH_BIT=3) doesn't have a timescale but at least one module in design has a timescale.
WARNING: [XSIM 43-4099] "/media/nisitha/My_Passport/MOODLE/Vivado_projects/FPGA_based_CNN_Acclerator/fpga_based_cnn_accelelrator/fpga_based_cnn_accelelrator.srcs/sources_1/new/fully_connected.v" Line 1. Module fully_connected doesn't have a timescale but at least one module in design has a timescale.
WARNING: [XSIM 43-4099] "/media/nisitha/My_Passport/MOODLE/Vivado_projects/FPGA_based_CNN_Acclerator/fpga_based_cnn_accelelrator/fpga_based_cnn_accelelrator.srcs/sources_1/new/comparator.v" Line 1. Module comparator doesn't have a timescale but at least one module in design has a timescale.
Completed simulation data flow analysis
Time Resolution for simulation is 1ps
Compiling module xil_defaultlib.conv1_buf
Compiling module xil_defaultlib.conv1_calc
Compiling module xil_defaultlib.conv1_layer
Compiling module xil_defaultlib.maxpool_relu
Compiling module xil_defaultlib.conv2_buf
Compiling module xil_defaultlib.conv2_calc
Compiling module xil_defaultlib.conv2_calc(WEIGHT_1="conv2_weigh...
Compiling module xil_defaultlib.conv2_calc(WEIGHT_1="conv2_weigh...
Compiling module xil_defaultlib.conv2_layer
Compiling module xil_defaultlib.maxpool_relu(HALF_WIDTH=4,HALF_W...
Compiling module xil_defaultlib.fully_connected
Compiling module xil_defaultlib.comparator
Compiling module xil_defaultlib.axis_cnn_mnist
Compiling module xil_defaultlib.tb_axis_cnn_mnist_full
Compiling module xil_defaultlib.glbl
Built simulation snapshot tb_axis_cnn_mnist_full_behav
