Vivado Simulator 2020.2
Time resolution is 1 ps
WARNING: File fc_weight.mem referenced on /media/nisitha/My_Passport/MOODLE/Vivado_projects/FPGA_based_CNN_Acclerator/fpga_based_cnn_accelelrator/fpga_based_cnn_accelelrator.srcs/sources_1/new/fully_connected.v at line 99 cannot be opened for reading. Please ensure that this file is available in the current working directory.
WARNING: File fc_bias.mem referenced on /media/nisitha/My_Passport/MOODLE/Vivado_projects/FPGA_based_CNN_Acclerator/fpga_based_cnn_accelelrator/fpga_based_cnn_accelelrator.srcs/sources_1/new/fully_connected.v at line 100 cannot be opened for reading. Please ensure that this file is available in the current working directory.
Input image 0: original value = 0, decision = 0 ==> Success
Input image 1: original value = 1, decision = 0 ==> Fail
Input image 2: original value = 2, decision = 0 ==> Fail
Input image 3: original value = 3, decision = 0 ==> Fail
Input image 4: original value = 4, decision = 0 ==> Fail
Input image 5: original value = 5, decision = 0 ==> Fail
Input image 6: original value = 6, decision = 0 ==> Fail
Input image 7: original value = 7, decision = 0 ==> Fail
Input image 8: original value = 8, decision = 0 ==> Fail
Input image 9: original value = 9, decision = 0 ==> Fail
Input image 10: original value = 0, decision = 0 ==> Success
Input image 11: original value = 1, decision = 0 ==> Fail
Input image 12: original value = 2, decision = 0 ==> Fail
Input image 13: original value = 3, decision = 0 ==> Fail
Input image 14: original value = 4, decision = 0 ==> Fail
Input image 15: original value = 5, decision = 0 ==> Fail
Input image 16: original value = 6, decision = 0 ==> Fail
Input image 17: original value = 7, decision = 0 ==> Fail
Input image 18: original value = 8, decision = 0 ==> Fail
Input image 19: original value = 9, decision = 0 ==> Fail
Input image 20: original value = 0, decision = 0 ==> Success
Input image 21: original value = 1, decision = 0 ==> Fail
Input image 22: original value = 2, decision = 0 ==> Fail
Input image 23: original value = 3, decision = 0 ==> Fail
Input image 24: original value = 4, decision = 0 ==> Fail
Input image 25: original value = 5, decision = 0 ==> Fail
Input image 26: original value = 6, decision = 0 ==> Fail
Input image 27: original value = 7, decision = 0 ==> Fail
Input image 28: original value = 8, decision = 0 ==> Fail
Input image 29: original value = 9, decision = 0 ==> Fail
Input image 30: original value = 0, decision = 0 ==> Success
Input image 31: original value = 1, decision = 0 ==> Fail
Input image 32: original value = 2, decision = 0 ==> Fail
Input image 33: original value = 3, decision = 0 ==> Fail
Input image 34: original value = 4, decision = 0 ==> Fail
Input image 35: original value = 5, decision = 0 ==> Fail
Input image 36: original value = 6, decision = 0 ==> Fail
Input image 37: original value = 7, decision = 0 ==> Fail
Input image 38: original value = 8, decision = 0 ==> Fail
Input image 39: original value = 9, decision = 0 ==> Fail
Input image 40: original value = 0, decision = 0 ==> Success
Input image 41: original value = 1, decision = 0 ==> Fail
Input image 42: original value = 2, decision = 0 ==> Fail
Input image 43: original value = 3, decision = 0 ==> Fail
Input image 44: original value = 4, decision = 0 ==> Fail
Input image 45: original value = 5, decision = 0 ==> Fail
Input image 46: original value = 6, decision = 0 ==> Fail
Input image 47: original value = 7, decision = 0 ==> Fail
Input image 48: original value = 8, decision = 0 ==> Fail
Input image 49: original value = 9, decision = 0 ==> Fail
Input image 50: original value = 0, decision = 0 ==> Success
Input image 51: original value = 1, decision = 0 ==> Fail
Input image 52: original value = 2, decision = 0 ==> Fail
Input image 53: original value = 3, decision = 0 ==> Fail
Input image 54: original value = 4, decision = 0 ==> Fail
Input image 55: original value = 5, decision = 0 ==> Fail
Input image 56: original value = 6, decision = 0 ==> Fail
Input image 57: original value = 7, decision = 0 ==> Fail
Input image 58: original value = 8, decision = 0 ==> Fail
Input image 59: original value = 9, decision = 0 ==> Fail
Input image 60: original value = 0, decision = 0 ==> Success
Input image 61: original value = 1, decision = 0 ==> Fail
Input image 62: original value = 2, decision = 0 ==> Fail
Input image 63: original value = 3, decision = 0 ==> Fail
Input image 64: original value = 4, decision = 0 ==> Fail
Input image 65: original value = 5, decision = 0 ==> Fail
Input image 66: original value = 6, decision = 0 ==> Fail
Input image 67: original value = 7, decision = 0 ==> Fail
Input image 68: original value = 8, decision = 0 ==> Fail
Input image 69: original value = 9, decision = 0 ==> Fail
Input image 70: original value = 0, decision = 0 ==> Success
Input image 71: original value = 1, decision = 0 ==> Fail
Input image 72: original value = 2, decision = 0 ==> Fail
Input image 73: original value = 3, decision = 0 ==> Fail
Input image 74: original value = 4, decision = 0 ==> Fail
Input image 75: original value = 5, decision = 0 ==> Fail
Input image 76: original value = 6, decision = 0 ==> Fail
Input image 77: original value = 7, decision = 0 ==> Fail
Input image 78: original value = 8, decision = 0 ==> Fail
Input image 79: original value = 9, decision = 0 ==> Fail
Input image 80: original value = 0, decision = 0 ==> Success
Input image 81: original value = 1, decision = 0 ==> Fail
Input image 82: original value = 2, decision = 0 ==> Fail
Input image 83: original value = 3, decision = 0 ==> Fail
Input image 84: original value = 4, decision = 0 ==> Fail
Input image 85: original value = 5, decision = 0 ==> Fail
Input image 86: original value = 6, decision = 0 ==> Fail
Input image 87: original value = 7, decision = 0 ==> Fail
Input image 88: original value = 8, decision = 0 ==> Fail
Input image 89: original value = 9, decision = 0 ==> Fail
Input image 90: original value = 0, decision = 0 ==> Success
Input image 91: original value = 1, decision = 0 ==> Fail
Input image 92: original value = 2, decision = 0 ==> Fail
Input image 93: original value = 3, decision = 0 ==> Fail
Input image 94: original value = 4, decision = 0 ==> Fail
Input image 95: original value = 5, decision = 0 ==> Fail
Input image 96: original value = 6, decision = 0 ==> Fail
Input image 97: original value = 7, decision = 0 ==> Fail
Input image 98: original value = 8, decision = 0 ==> Fail
Input image 99: original value = 9, decision = 0 ==> Fail
Input image 100: original value = 0, decision = 0 ==> Success
Input image 101: original value = 1, decision = 0 ==> Fail
Input image 102: original value = 2, decision = 0 ==> Fail
Input image 103: original value = 3, decision = 0 ==> Fail
Input image 104: original value = 4, decision = 0 ==> Fail
Input image 105: original value = 5, decision = 0 ==> Fail
Input image 106: original value = 6, decision = 0 ==> Fail
Input image 107: original value = 7, decision = 0 ==> Fail
Input image 108: original value = 8, decision = 0 ==> Fail
Input image 109: original value = 9, decision = 0 ==> Fail
Input image 110: original value = 0, decision = 0 ==> Success
Input image 111: original value = 1, decision = 0 ==> Fail
Input image 112: original value = 2, decision = 0 ==> Fail
Input image 113: original value = 3, decision = 0 ==> Fail
Input image 114: original value = 4, decision = 0 ==> Fail
Input image 115: original value = 5, decision = 0 ==> Fail
Input image 116: original value = 6, decision = 0 ==> Fail
Input image 117: original value = 7, decision = 0 ==> Fail
Input image 118: original value = 8, decision = 0 ==> Fail
Input image 119: original value = 9, decision = 0 ==> Fail
Input image 120: original value = 0, decision = 0 ==> Success
Input image 121: original value = 1, decision = 0 ==> Fail
Input image 122: original value = 2, decision = 0 ==> Fail
Input image 123: original value = 3, decision = 0 ==> Fail
Input image 124: original value = 4, decision = 0 ==> Fail
Input image 125: original value = 5, decision = 0 ==> Fail
Input image 126: original value = 6, decision = 0 ==> Fail
Input image 127: original value = 7, decision = 0 ==> Fail
Input image 128: original value = 8, decision = 0 ==> Fail
Input image 129: original value = 9, decision = 0 ==> Fail
Input image 130: original value = 0, decision = 0 ==> Success
Input image 131: original value = 1, decision = 0 ==> Fail
Input image 132: original value = 2, decision = 0 ==> Fail
Input image 133: original value = 3, decision = 0 ==> Fail
Input image 134: original value = 4, decision = 0 ==> Fail
Input image 135: original value = 5, decision = 0 ==> Fail
Input image 136: original value = 6, decision = 0 ==> Fail
Input image 137: original value = 7, decision = 0 ==> Fail
Input image 138: original value = 8, decision = 0 ==> Fail
Input image 139: original value = 9, decision = 0 ==> Fail
Input image 140: original value = 0, decision = 0 ==> Success
Input image 141: original value = 1, decision = 0 ==> Fail
Input image 142: original value = 2, decision = 0 ==> Fail
Input image 143: original value = 3, decision = 0 ==> Fail
Input image 144: original value = 4, decision = 0 ==> Fail
Input image 145: original value = 5, decision = 0 ==> Fail
Input image 146: original value = 6, decision = 0 ==> Fail
Input image 147: original value = 7, decision = 0 ==> Fail
Input image 148: original value = 8, decision = 0 ==> Fail
Input image 149: original value = 9, decision = 0 ==> Fail
Input image 150: original value = 0, decision = 0 ==> Success
Input image 151: original value = 1, decision = 0 ==> Fail
Input image 152: original value = 2, decision = 0 ==> Fail
Input image 153: original value = 3, decision = 0 ==> Fail
Input image 154: original value = 4, decision = 0 ==> Fail
Input image 155: original value = 5, decision = 0 ==> Fail
Input image 156: original value = 6, decision = 0 ==> Fail
Input image 157: original value = 7, decision = 0 ==> Fail
Input image 158: original value = 8, decision = 0 ==> Fail
Input image 159: original value = 9, decision = 0 ==> Fail
Input image 160: original value = 0, decision = 0 ==> Success
Input image 161: original value = 1, decision = 0 ==> Fail
Input image 162: original value = 2, decision = 0 ==> Fail
Input image 163: original value = 3, decision = 0 ==> Fail
Input image 164: original value = 4, decision = 0 ==> Fail
Input image 165: original value = 5, decision = 0 ==> Fail
Input image 166: original value = 6, decision = 0 ==> Fail
Input image 167: original value = 7, decision = 0 ==> Fail
Input image 168: original value = 8, decision = 0 ==> Fail
Input image 169: original value = 9, decision = 0 ==> Fail
Input image 170: original value = 0, decision = 0 ==> Success
Input image 171: original value = 1, decision = 0 ==> Fail
Input image 172: original value = 2, decision = 0 ==> Fail
Input image 173: original value = 3, decision = 0 ==> Fail
Input image 174: original value = 4, decision = 0 ==> Fail
Input image 175: original value = 5, decision = 0 ==> Fail
Input image 176: original value = 6, decision = 0 ==> Fail
Input image 177: original value = 7, decision = 0 ==> Fail
Input image 178: original value = 8, decision = 0 ==> Fail
Input image 179: original value = 9, decision = 0 ==> Fail
Input image 180: original value = 0, decision = 0 ==> Success
Input image 181: original value = 1, decision = 0 ==> Fail
Input image 182: original value = 2, decision = 0 ==> Fail
Input image 183: original value = 3, decision = 0 ==> Fail
Input image 184: original value = 4, decision = 0 ==> Fail
Input image 185: original value = 5, decision = 0 ==> Fail
Input image 186: original value = 6, decision = 0 ==> Fail
Input image 187: original value = 7, decision = 0 ==> Fail
Input image 188: original value = 8, decision = 0 ==> Fail
Input image 189: original value = 9, decision = 0 ==> Fail
Input image 190: original value = 0, decision = 0 ==> Success
Input image 191: original value = 1, decision = 0 ==> Fail
Input image 192: original value = 2, decision = 0 ==> Fail
Input image 193: original value = 3, decision = 0 ==> Fail
Input image 194: original value = 4, decision = 0 ==> Fail
Input image 195: original value = 5, decision = 0 ==> Fail
Input image 196: original value = 6, decision = 0 ==> Fail
Input image 197: original value = 7, decision = 0 ==> Fail
Input image 198: original value = 8, decision = 0 ==> Fail
Input image 199: original value = 9, decision = 0 ==> Fail
Input image 200: original value = 0, decision = 0 ==> Success
Input image 201: original value = 1, decision = 0 ==> Fail
Input image 202: original value = 2, decision = 0 ==> Fail
Input image 203: original value = 3, decision = 0 ==> Fail
Input image 204: original value = 4, decision = 0 ==> Fail
Input image 205: original value = 5, decision = 0 ==> Fail
Input image 206: original value = 6, decision = 0 ==> Fail
Input image 207: original value = 7, decision = 0 ==> Fail
Input image 208: original value = 8, decision = 0 ==> Fail
Input image 209: original value = 9, decision = 0 ==> Fail
Input image 210: original value = 0, decision = 0 ==> Success
Input image 211: original value = 1, decision = 0 ==> Fail
Input image 212: original value = 2, decision = 0 ==> Fail
Input image 213: original value = 3, decision = 0 ==> Fail
Input image 214: original value = 4, decision = 0 ==> Fail
Input image 215: original value = 5, decision = 0 ==> Fail
Input image 216: original value = 6, decision = 0 ==> Fail
Input image 217: original value = 7, decision = 0 ==> Fail
Input image 218: original value = 8, decision = 0 ==> Fail
Input image 219: original value = 9, decision = 0 ==> Fail
Input image 220: original value = 0, decision = 0 ==> Success
Input image 221: original value = 1, decision = 0 ==> Fail
Input image 222: original value = 2, decision = 0 ==> Fail
Input image 223: original value = 3, decision = 0 ==> Fail
Input image 224: original value = 4, decision = 0 ==> Fail
Input image 225: original value = 5, decision = 0 ==> Fail
Input image 226: original value = 6, decision = 0 ==> Fail
Input image 227: original value = 7, decision = 0 ==> Fail
Input image 228: original value = 8, decision = 0 ==> Fail
Input image 229: original value = 9, decision = 0 ==> Fail
Input image 230: original value = 0, decision = 0 ==> Success
Input image 231: original value = 1, decision = 0 ==> Fail
Input image 232: original value = 2, decision = 0 ==> Fail
Input image 233: original value = 3, decision = 0 ==> Fail
Input image 234: original value = 4, decision = 0 ==> Fail
Input image 235: original value = 5, decision = 0 ==> Fail
Input image 236: original value = 6, decision = 0 ==> Fail
Input image 237: original value = 7, decision = 0 ==> Fail
Input image 238: original value = 8, decision = 0 ==> Fail
Input image 239: original value = 9, decision = 0 ==> Fail
Input image 240: original value = 0, decision = 0 ==> Success
Input image 241: original value = 1, decision = 0 ==> Fail
Input image 242: original value = 2, decision = 0 ==> Fail
Input image 243: original value = 3, decision = 0 ==> Fail
Input image 244: original value = 4, decision = 0 ==> Fail
Input image 245: original value = 5, decision = 0 ==> Fail
Input image 246: original value = 6, decision = 0 ==> Fail
Input image 247: original value = 7, decision = 0 ==> Fail
Input image 248: original value = 8, decision = 0 ==> Fail
Input image 249: original value = 9, decision = 0 ==> Fail
Input image 250: original value = 0, decision = 0 ==> Success
Input image 251: original value = 1, decision = 0 ==> Fail
Input image 252: original value = 2, decision = 0 ==> Fail
Input image 253: original value = 3, decision = 0 ==> Fail
Input image 254: original value = 4, decision = 0 ==> Fail
Input image 255: original value = 5, decision = 0 ==> Fail
Input image 256: original value = 6, decision = 0 ==> Fail
Input image 257: original value = 7, decision = 0 ==> Fail
Input image 258: original value = 8, decision = 0 ==> Fail
Input image 259: original value = 9, decision = 0 ==> Fail
Input image 260: original value = 0, decision = 0 ==> Success
Input image 261: original value = 1, decision = 0 ==> Fail
Input image 262: original value = 2, decision = 0 ==> Fail
Input image 263: original value = 3, decision = 0 ==> Fail
Input image 264: original value = 4, decision = 0 ==> Fail
Input image 265: original value = 5, decision = 0 ==> Fail
Input image 266: original value = 6, decision = 0 ==> Fail
Input image 267: original value = 7, decision = 0 ==> Fail
Input image 268: original value = 8, decision = 0 ==> Fail
Input image 269: original value = 9, decision = 0 ==> Fail
Input image 270: original value = 0, decision = 0 ==> Success
Input image 271: original value = 1, decision = 0 ==> Fail
Input image 272: original value = 2, decision = 0 ==> Fail
Input image 273: original value = 3, decision = 0 ==> Fail
Input image 274: original value = 4, decision = 0 ==> Fail
Input image 275: original value = 5, decision = 0 ==> Fail
Input image 276: original value = 6, decision = 0 ==> Fail
Input image 277: original value = 7, decision = 0 ==> Fail
Input image 278: original value = 8, decision = 0 ==> Fail
Input image 279: original value = 9, decision = 0 ==> Fail
Input image 280: original value = 0, decision = 0 ==> Success
Input image 281: original value = 1, decision = 0 ==> Fail
Input image 282: original value = 2, decision = 0 ==> Fail
Input image 283: original value = 3, decision = 0 ==> Fail
Input image 284: original value = 4, decision = 0 ==> Fail
Input image 285: original value = 5, decision = 0 ==> Fail
Input image 286: original value = 6, decision = 0 ==> Fail
Input image 287: original value = 7, decision = 0 ==> Fail
Input image 288: original value = 8, decision = 0 ==> Fail
Input image 289: original value = 9, decision = 0 ==> Fail
Input image 290: original value = 0, decision = 0 ==> Success
Input image 291: original value = 1, decision = 0 ==> Fail
Input image 292: original value = 2, decision = 0 ==> Fail
Input image 293: original value = 3, decision = 0 ==> Fail
Input image 294: original value = 4, decision = 0 ==> Fail
Input image 295: original value = 5, decision = 0 ==> Fail
Input image 296: original value = 6, decision = 0 ==> Fail
Input image 297: original value = 7, decision = 0 ==> Fail
Input image 298: original value = 8, decision = 0 ==> Fail
Input image 299: original value = 9, decision = 0 ==> Fail
Input image 300: original value = 0, decision = 0 ==> Success
Input image 301: original value = 1, decision = 0 ==> Fail
Input image 302: original value = 2, decision = 0 ==> Fail
Input image 303: original value = 3, decision = 0 ==> Fail
Input image 304: original value = 4, decision = 0 ==> Fail
Input image 305: original value = 5, decision = 0 ==> Fail
Input image 306: original value = 6, decision = 0 ==> Fail
Input image 307: original value = 7, decision = 0 ==> Fail
Input image 308: original value = 8, decision = 0 ==> Fail
Input image 309: original value = 9, decision = 0 ==> Fail
Input image 310: original value = 0, decision = 0 ==> Success
Input image 311: original value = 1, decision = 0 ==> Fail
Input image 312: original value = 2, decision = 0 ==> Fail
Input image 313: original value = 3, decision = 0 ==> Fail
Input image 314: original value = 4, decision = 0 ==> Fail
Input image 315: original value = 5, decision = 0 ==> Fail
Input image 316: original value = 6, decision = 0 ==> Fail
Input image 317: original value = 7, decision = 0 ==> Fail
Input image 318: original value = 8, decision = 0 ==> Fail
Input image 319: original value = 9, decision = 0 ==> Fail
Input image 320: original value = 0, decision = 0 ==> Success
Input image 321: original value = 1, decision = 0 ==> Fail
Input image 322: original value = 2, decision = 0 ==> Fail
Input image 323: original value = 3, decision = 0 ==> Fail
Input image 324: original value = 4, decision = 0 ==> Fail
Input image 325: original value = 5, decision = 0 ==> Fail
Input image 326: original value = 6, decision = 0 ==> Fail
Input image 327: original value = 7, decision = 0 ==> Fail
Input image 328: original value = 8, decision = 0 ==> Fail
Input image 329: original value = 9, decision = 0 ==> Fail
Input image 330: original value = 0, decision = 0 ==> Success
Input image 331: original value = 1, decision = 0 ==> Fail
Input image 332: original value = 2, decision = 0 ==> Fail
Input image 333: original value = 3, decision = 0 ==> Fail
Input image 334: original value = 4, decision = 0 ==> Fail
Input image 335: original value = 5, decision = 0 ==> Fail
Input image 336: original value = 6, decision = 0 ==> Fail
Input image 337: original value = 7, decision = 0 ==> Fail
Input image 338: original value = 8, decision = 0 ==> Fail
Input image 339: original value = 9, decision = 0 ==> Fail
Input image 340: original value = 0, decision = 0 ==> Success
Input image 341: original value = 1, decision = 0 ==> Fail
Input image 342: original value = 2, decision = 0 ==> Fail
Input image 343: original value = 3, decision = 0 ==> Fail
Input image 344: original value = 4, decision = 0 ==> Fail
Input image 345: original value = 5, decision = 0 ==> Fail
Input image 346: original value = 6, decision = 0 ==> Fail
Input image 347: original value = 7, decision = 0 ==> Fail
Input image 348: original value = 8, decision = 0 ==> Fail
Input image 349: original value = 9, decision = 0 ==> Fail
Input image 350: original value = 0, decision = 0 ==> Success
Input image 351: original value = 1, decision = 0 ==> Fail
Input image 352: original value = 2, decision = 0 ==> Fail
Input image 353: original value = 3, decision = 0 ==> Fail
Input image 354: original value = 4, decision = 0 ==> Fail
Input image 355: original value = 5, decision = 0 ==> Fail
Input image 356: original value = 6, decision = 0 ==> Fail
Input image 357: original value = 7, decision = 0 ==> Fail
Input image 358: original value = 8, decision = 0 ==> Fail
Input image 359: original value = 9, decision = 0 ==> Fail
Input image 360: original value = 0, decision = 0 ==> Success
Input image 361: original value = 1, decision = 0 ==> Fail
Input image 362: original value = 2, decision = 0 ==> Fail
Input image 363: original value = 3, decision = 0 ==> Fail
Input image 364: original value = 4, decision = 0 ==> Fail
Input image 365: original value = 5, decision = 0 ==> Fail
Input image 366: original value = 6, decision = 0 ==> Fail
Input image 367: original value = 7, decision = 0 ==> Fail
Input image 368: original value = 8, decision = 0 ==> Fail
Input image 369: original value = 9, decision = 0 ==> Fail
Input image 370: original value = 0, decision = 0 ==> Success
Input image 371: original value = 1, decision = 0 ==> Fail
Input image 372: original value = 2, decision = 0 ==> Fail
Input image 373: original value = 3, decision = 0 ==> Fail
Input image 374: original value = 4, decision = 0 ==> Fail
Input image 375: original value = 5, decision = 0 ==> Fail
Input image 376: original value = 6, decision = 0 ==> Fail
Input image 377: original value = 7, decision = 0 ==> Fail
Input image 378: original value = 8, decision = 0 ==> Fail
Input image 379: original value = 9, decision = 0 ==> Fail
Input image 380: original value = 0, decision = 0 ==> Success
Input image 381: original value = 1, decision = 0 ==> Fail
Input image 382: original value = 2, decision = 0 ==> Fail
Input image 383: original value = 3, decision = 0 ==> Fail
Input image 384: original value = 4, decision = 0 ==> Fail
Input image 385: original value = 5, decision = 0 ==> Fail
Input image 386: original value = 6, decision = 0 ==> Fail
Input image 387: original value = 7, decision = 0 ==> Fail
Input image 388: original value = 8, decision = 0 ==> Fail
Input image 389: original value = 9, decision = 0 ==> Fail
Input image 390: original value = 0, decision = 0 ==> Success
Input image 391: original value = 1, decision = 0 ==> Fail
Input image 392: original value = 2, decision = 0 ==> Fail
Input image 393: original value = 3, decision = 0 ==> Fail
Input image 394: original value = 4, decision = 0 ==> Fail
Input image 395: original value = 5, decision = 0 ==> Fail
Input image 396: original value = 6, decision = 0 ==> Fail
Input image 397: original value = 7, decision = 0 ==> Fail
Input image 398: original value = 8, decision = 0 ==> Fail
Input image 399: original value = 9, decision = 0 ==> Fail
Input image 400: original value = 0, decision = 0 ==> Success
Input image 401: original value = 1, decision = 0 ==> Fail
Input image 402: original value = 2, decision = 0 ==> Fail
Input image 403: original value = 3, decision = 0 ==> Fail
Input image 404: original value = 4, decision = 0 ==> Fail
Input image 405: original value = 5, decision = 0 ==> Fail
Input image 406: original value = 6, decision = 0 ==> Fail
Input image 407: original value = 7, decision = 0 ==> Fail
Input image 408: original value = 8, decision = 0 ==> Fail
Input image 409: original value = 9, decision = 0 ==> Fail
Input image 410: original value = 0, decision = 0 ==> Success
Input image 411: original value = 1, decision = 0 ==> Fail
Input image 412: original value = 2, decision = 0 ==> Fail
Input image 413: original value = 3, decision = 0 ==> Fail
Input image 414: original value = 4, decision = 0 ==> Fail
Input image 415: original value = 5, decision = 0 ==> Fail
Input image 416: original value = 6, decision = 0 ==> Fail
Input image 417: original value = 7, decision = 0 ==> Fail
Input image 418: original value = 8, decision = 0 ==> Fail
Input image 419: original value = 9, decision = 0 ==> Fail
Input image 420: original value = 0, decision = 0 ==> Success
Input image 421: original value = 1, decision = 0 ==> Fail
Input image 422: original value = 2, decision = 0 ==> Fail
Input image 423: original value = 3, decision = 0 ==> Fail
Input image 424: original value = 4, decision = 0 ==> Fail
Input image 425: original value = 5, decision = 0 ==> Fail
Input image 426: original value = 6, decision = 0 ==> Fail
Input image 427: original value = 7, decision = 0 ==> Fail
Input image 428: original value = 8, decision = 0 ==> Fail
Input image 429: original value = 9, decision = 0 ==> Fail
Input image 430: original value = 0, decision = 0 ==> Success
Input image 431: original value = 1, decision = 0 ==> Fail
Input image 432: original value = 2, decision = 0 ==> Fail
Input image 433: original value = 3, decision = 0 ==> Fail
Input image 434: original value = 4, decision = 0 ==> Fail
Input image 435: original value = 5, decision = 0 ==> Fail
Input image 436: original value = 6, decision = 0 ==> Fail
Input image 437: original value = 7, decision = 0 ==> Fail
Input image 438: original value = 8, decision = 0 ==> Fail
Input image 439: original value = 9, decision = 0 ==> Fail
Input image 440: original value = 0, decision = 0 ==> Success
Input image 441: original value = 1, decision = 0 ==> Fail
Input image 442: original value = 2, decision = 0 ==> Fail
Input image 443: original value = 3, decision = 0 ==> Fail
Input image 444: original value = 4, decision = 0 ==> Fail
Input image 445: original value = 5, decision = 0 ==> Fail
Input image 446: original value = 6, decision = 0 ==> Fail
Input image 447: original value = 7, decision = 0 ==> Fail
Input image 448: original value = 8, decision = 0 ==> Fail
Input image 449: original value = 9, decision = 0 ==> Fail
Input image 450: original value = 0, decision = 0 ==> Success
Input image 451: original value = 1, decision = 0 ==> Fail
Input image 452: original value = 2, decision = 0 ==> Fail
Input image 453: original value = 3, decision = 0 ==> Fail
Input image 454: original value = 4, decision = 0 ==> Fail
Input image 455: original value = 5, decision = 0 ==> Fail
Input image 456: original value = 6, decision = 0 ==> Fail
Input image 457: original value = 7, decision = 0 ==> Fail
Input image 458: original value = 8, decision = 0 ==> Fail
Input image 459: original value = 9, decision = 0 ==> Fail
Input image 460: original value = 0, decision = 0 ==> Success
Input image 461: original value = 1, decision = 0 ==> Fail
Input image 462: original value = 2, decision = 0 ==> Fail
Input image 463: original value = 3, decision = 0 ==> Fail
Input image 464: original value = 4, decision = 0 ==> Fail
Input image 465: original value = 5, decision = 0 ==> Fail
Input image 466: original value = 6, decision = 0 ==> Fail
Input image 467: original value = 7, decision = 0 ==> Fail
Input image 468: original value = 8, decision = 0 ==> Fail
Input image 469: original value = 9, decision = 0 ==> Fail
Input image 470: original value = 0, decision = 0 ==> Success
Input image 471: original value = 1, decision = 0 ==> Fail
Input image 472: original value = 2, decision = 0 ==> Fail
Input image 473: original value = 3, decision = 0 ==> Fail
Input image 474: original value = 4, decision = 0 ==> Fail
Input image 475: original value = 5, decision = 0 ==> Fail
Input image 476: original value = 6, decision = 0 ==> Fail
Input image 477: original value = 7, decision = 0 ==> Fail
Input image 478: original value = 8, decision = 0 ==> Fail
Input image 479: original value = 9, decision = 0 ==> Fail
Input image 480: original value = 0, decision = 0 ==> Success
Input image 481: original value = 1, decision = 0 ==> Fail
Input image 482: original value = 2, decision = 0 ==> Fail
Input image 483: original value = 3, decision = 0 ==> Fail
Input image 484: original value = 4, decision = 0 ==> Fail
Input image 485: original value = 5, decision = 0 ==> Fail
Input image 486: original value = 6, decision = 0 ==> Fail
Input image 487: original value = 7, decision = 0 ==> Fail
Input image 488: original value = 8, decision = 0 ==> Fail
Input image 489: original value = 9, decision = 0 ==> Fail
Input image 490: original value = 0, decision = 0 ==> Success
Input image 491: original value = 1, decision = 0 ==> Fail
Input image 492: original value = 2, decision = 0 ==> Fail
Input image 493: original value = 3, decision = 0 ==> Fail
Input image 494: original value = 4, decision = 0 ==> Fail
Input image 495: original value = 5, decision = 0 ==> Fail
Input image 496: original value = 6, decision = 0 ==> Fail
Input image 497: original value = 7, decision = 0 ==> Fail
Input image 498: original value = 8, decision = 0 ==> Fail
Input image 499: original value = 9, decision = 0 ==> Fail
Input image 500: original value = 0, decision = 0 ==> Success
Input image 501: original value = 1, decision = 0 ==> Fail
Input image 502: original value = 2, decision = 0 ==> Fail
Input image 503: original value = 3, decision = 0 ==> Fail
Input image 504: original value = 4, decision = 0 ==> Fail
Input image 505: original value = 5, decision = 0 ==> Fail
Input image 506: original value = 6, decision = 0 ==> Fail
Input image 507: original value = 7, decision = 0 ==> Fail
Input image 508: original value = 8, decision = 0 ==> Fail
Input image 509: original value = 9, decision = 0 ==> Fail
Input image 510: original value = 0, decision = 0 ==> Success
Input image 511: original value = 1, decision = 0 ==> Fail
Input image 512: original value = 2, decision = 0 ==> Fail
Input image 513: original value = 3, decision = 0 ==> Fail
Input image 514: original value = 4, decision = 0 ==> Fail
Input image 515: original value = 5, decision = 0 ==> Fail
Input image 516: original value = 6, decision = 0 ==> Fail
Input image 517: original value = 7, decision = 0 ==> Fail
Input image 518: original value = 8, decision = 0 ==> Fail
Input image 519: original value = 9, decision = 0 ==> Fail
Input image 520: original value = 0, decision = 0 ==> Success
Input image 521: original value = 1, decision = 0 ==> Fail
Input image 522: original value = 2, decision = 0 ==> Fail
Input image 523: original value = 3, decision = 0 ==> Fail
Input image 524: original value = 4, decision = 0 ==> Fail
Input image 525: original value = 5, decision = 0 ==> Fail
Input image 526: original value = 6, decision = 0 ==> Fail
Input image 527: original value = 7, decision = 0 ==> Fail
Input image 528: original value = 8, decision = 0 ==> Fail
Input image 529: original value = 9, decision = 0 ==> Fail
Input image 530: original value = 0, decision = 0 ==> Success
Input image 531: original value = 1, decision = 0 ==> Fail
Input image 532: original value = 2, decision = 0 ==> Fail
Input image 533: original value = 3, decision = 0 ==> Fail
Input image 534: original value = 4, decision = 0 ==> Fail
Input image 535: original value = 5, decision = 0 ==> Fail
Input image 536: original value = 6, decision = 0 ==> Fail
Input image 537: original value = 7, decision = 0 ==> Fail
Input image 538: original value = 8, decision = 0 ==> Fail
Input image 539: original value = 9, decision = 0 ==> Fail
Input image 540: original value = 0, decision = 0 ==> Success
Input image 541: original value = 1, decision = 0 ==> Fail
Input image 542: original value = 2, decision = 0 ==> Fail
Input image 543: original value = 3, decision = 0 ==> Fail
Input image 544: original value = 4, decision = 0 ==> Fail
Input image 545: original value = 5, decision = 0 ==> Fail
Input image 546: original value = 6, decision = 0 ==> Fail
Input image 547: original value = 7, decision = 0 ==> Fail
Input image 548: original value = 8, decision = 0 ==> Fail
Input image 549: original value = 9, decision = 0 ==> Fail
Input image 550: original value = 0, decision = 0 ==> Success
Input image 551: original value = 1, decision = 0 ==> Fail
Input image 552: original value = 2, decision = 0 ==> Fail
Input image 553: original value = 3, decision = 0 ==> Fail
Input image 554: original value = 4, decision = 0 ==> Fail
Input image 555: original value = 5, decision = 0 ==> Fail
Input image 556: original value = 6, decision = 0 ==> Fail
Input image 557: original value = 7, decision = 0 ==> Fail
Input image 558: original value = 8, decision = 0 ==> Fail
Input image 559: original value = 9, decision = 0 ==> Fail
Input image 560: original value = 0, decision = 0 ==> Success
Input image 561: original value = 1, decision = 0 ==> Fail
Input image 562: original value = 2, decision = 0 ==> Fail
Input image 563: original value = 3, decision = 0 ==> Fail
Input image 564: original value = 4, decision = 0 ==> Fail
Input image 565: original value = 5, decision = 0 ==> Fail
Input image 566: original value = 6, decision = 0 ==> Fail
Input image 567: original value = 7, decision = 0 ==> Fail
Input image 568: original value = 8, decision = 0 ==> Fail
Input image 569: original value = 9, decision = 0 ==> Fail
Input image 570: original value = 0, decision = 0 ==> Success
Input image 571: original value = 1, decision = 0 ==> Fail
Input image 572: original value = 2, decision = 0 ==> Fail
Input image 573: original value = 3, decision = 0 ==> Fail
Input image 574: original value = 4, decision = 0 ==> Fail
Input image 575: original value = 5, decision = 0 ==> Fail
Input image 576: original value = 6, decision = 0 ==> Fail
Input image 577: original value = 7, decision = 0 ==> Fail
Input image 578: original value = 8, decision = 0 ==> Fail
Input image 579: original value = 9, decision = 0 ==> Fail
Input image 580: original value = 0, decision = 0 ==> Success
Input image 581: original value = 1, decision = 0 ==> Fail
Input image 582: original value = 2, decision = 0 ==> Fail
Input image 583: original value = 3, decision = 0 ==> Fail
Input image 584: original value = 4, decision = 0 ==> Fail
Input image 585: original value = 5, decision = 0 ==> Fail
Input image 586: original value = 6, decision = 0 ==> Fail
Input image 587: original value = 7, decision = 0 ==> Fail
Input image 588: original value = 8, decision = 0 ==> Fail
Input image 589: original value = 9, decision = 0 ==> Fail
Input image 590: original value = 0, decision = 0 ==> Success
Input image 591: original value = 1, decision = 0 ==> Fail
Input image 592: original value = 2, decision = 0 ==> Fail
Input image 593: original value = 3, decision = 0 ==> Fail
Input image 594: original value = 4, decision = 0 ==> Fail
Input image 595: original value = 5, decision = 0 ==> Fail
Input image 596: original value = 6, decision = 0 ==> Fail
Input image 597: original value = 7, decision = 0 ==> Fail
Input image 598: original value = 8, decision = 0 ==> Fail
Input image 599: original value = 9, decision = 0 ==> Fail
Input image 600: original value = 0, decision = 0 ==> Success
Input image 601: original value = 1, decision = 0 ==> Fail
Input image 602: original value = 2, decision = 0 ==> Fail
Input image 603: original value = 3, decision = 0 ==> Fail
Input image 604: original value = 4, decision = 0 ==> Fail
Input image 605: original value = 5, decision = 0 ==> Fail
Input image 606: original value = 6, decision = 0 ==> Fail
Input image 607: original value = 7, decision = 0 ==> Fail
Input image 608: original value = 8, decision = 0 ==> Fail
Input image 609: original value = 9, decision = 0 ==> Fail
Input image 610: original value = 0, decision = 0 ==> Success
Input image 611: original value = 1, decision = 0 ==> Fail
Input image 612: original value = 2, decision = 0 ==> Fail
Input image 613: original value = 3, decision = 0 ==> Fail
Input image 614: original value = 4, decision = 0 ==> Fail
Input image 615: original value = 5, decision = 0 ==> Fail
Input image 616: original value = 6, decision = 0 ==> Fail
Input image 617: original value = 7, decision = 0 ==> Fail
Input image 618: original value = 8, decision = 0 ==> Fail
Input image 619: original value = 9, decision = 0 ==> Fail
Input image 620: original value = 0, decision = 0 ==> Success
Input image 621: original value = 1, decision = 0 ==> Fail
Input image 622: original value = 2, decision = 0 ==> Fail
Input image 623: original value = 3, decision = 0 ==> Fail
Input image 624: original value = 4, decision = 0 ==> Fail
Input image 625: original value = 5, decision = 0 ==> Fail
Input image 626: original value = 6, decision = 0 ==> Fail
Input image 627: original value = 7, decision = 0 ==> Fail
Input image 628: original value = 8, decision = 0 ==> Fail
Input image 629: original value = 9, decision = 0 ==> Fail
Input image 630: original value = 0, decision = 0 ==> Success
Input image 631: original value = 1, decision = 0 ==> Fail
Input image 632: original value = 2, decision = 0 ==> Fail
Input image 633: original value = 3, decision = 0 ==> Fail
Input image 634: original value = 4, decision = 0 ==> Fail
Input image 635: original value = 5, decision = 0 ==> Fail
Input image 636: original value = 6, decision = 0 ==> Fail
Input image 637: original value = 7, decision = 0 ==> Fail
Input image 638: original value = 8, decision = 0 ==> Fail
Input image 639: original value = 9, decision = 0 ==> Fail
Input image 640: original value = 0, decision = 0 ==> Success
Input image 641: original value = 1, decision = 0 ==> Fail
Input image 642: original value = 2, decision = 0 ==> Fail
Input image 643: original value = 3, decision = 0 ==> Fail
Input image 644: original value = 4, decision = 0 ==> Fail
Input image 645: original value = 5, decision = 0 ==> Fail
Input image 646: original value = 6, decision = 0 ==> Fail
Input image 647: original value = 7, decision = 0 ==> Fail
Input image 648: original value = 8, decision = 0 ==> Fail
Input image 649: original value = 9, decision = 0 ==> Fail
Input image 650: original value = 0, decision = 0 ==> Success
Input image 651: original value = 1, decision = 0 ==> Fail
Input image 652: original value = 2, decision = 0 ==> Fail
Input image 653: original value = 3, decision = 0 ==> Fail
Input image 654: original value = 4, decision = 0 ==> Fail
Input image 655: original value = 5, decision = 0 ==> Fail
Input image 656: original value = 6, decision = 0 ==> Fail
Input image 657: original value = 7, decision = 0 ==> Fail
Input image 658: original value = 8, decision = 0 ==> Fail
Input image 659: original value = 9, decision = 0 ==> Fail
Input image 660: original value = 0, decision = 0 ==> Success
Input image 661: original value = 1, decision = 0 ==> Fail
Input image 662: original value = 2, decision = 0 ==> Fail
Input image 663: original value = 3, decision = 0 ==> Fail
Input image 664: original value = 4, decision = 0 ==> Fail
Input image 665: original value = 5, decision = 0 ==> Fail
Input image 666: original value = 6, decision = 0 ==> Fail
Input image 667: original value = 7, decision = 0 ==> Fail
Input image 668: original value = 8, decision = 0 ==> Fail
Input image 669: original value = 9, decision = 0 ==> Fail
Input image 670: original value = 0, decision = 0 ==> Success
Input image 671: original value = 1, decision = 0 ==> Fail
Input image 672: original value = 2, decision = 0 ==> Fail
Input image 673: original value = 3, decision = 0 ==> Fail
Input image 674: original value = 4, decision = 0 ==> Fail
Input image 675: original value = 5, decision = 0 ==> Fail
Input image 676: original value = 6, decision = 0 ==> Fail
Input image 677: original value = 7, decision = 0 ==> Fail
Input image 678: original value = 8, decision = 0 ==> Fail
Input image 679: original value = 9, decision = 0 ==> Fail
Input image 680: original value = 0, decision = 0 ==> Success
Input image 681: original value = 1, decision = 0 ==> Fail
Input image 682: original value = 2, decision = 0 ==> Fail
Input image 683: original value = 3, decision = 0 ==> Fail
Input image 684: original value = 4, decision = 0 ==> Fail
Input image 685: original value = 5, decision = 0 ==> Fail
Input image 686: original value = 6, decision = 0 ==> Fail
Input image 687: original value = 7, decision = 0 ==> Fail
Input image 688: original value = 8, decision = 0 ==> Fail
Input image 689: original value = 9, decision = 0 ==> Fail
Input image 690: original value = 0, decision = 0 ==> Success
Input image 691: original value = 1, decision = 0 ==> Fail
Input image 692: original value = 2, decision = 0 ==> Fail
Input image 693: original value = 3, decision = 0 ==> Fail
Input image 694: original value = 4, decision = 0 ==> Fail
Input image 695: original value = 5, decision = 0 ==> Fail
Input image 696: original value = 6, decision = 0 ==> Fail
Input image 697: original value = 7, decision = 0 ==> Fail
Input image 698: original value = 8, decision = 0 ==> Fail
Input image 699: original value = 9, decision = 0 ==> Fail
Input image 700: original value = 0, decision = 0 ==> Success
Input image 701: original value = 1, decision = 0 ==> Fail
Input image 702: original value = 2, decision = 0 ==> Fail
Input image 703: original value = 3, decision = 0 ==> Fail
Input image 704: original value = 4, decision = 0 ==> Fail
Input image 705: original value = 5, decision = 0 ==> Fail
Input image 706: original value = 6, decision = 0 ==> Fail
Input image 707: original value = 7, decision = 0 ==> Fail
Input image 708: original value = 8, decision = 0 ==> Fail
Input image 709: original value = 9, decision = 0 ==> Fail
Input image 710: original value = 0, decision = 0 ==> Success
Input image 711: original value = 1, decision = 0 ==> Fail
Input image 712: original value = 2, decision = 0 ==> Fail
Input image 713: original value = 3, decision = 0 ==> Fail
Input image 714: original value = 4, decision = 0 ==> Fail
Input image 715: original value = 5, decision = 0 ==> Fail
Input image 716: original value = 6, decision = 0 ==> Fail
Input image 717: original value = 7, decision = 0 ==> Fail
Input image 718: original value = 8, decision = 0 ==> Fail
Input image 719: original value = 9, decision = 0 ==> Fail
Input image 720: original value = 0, decision = 0 ==> Success
Input image 721: original value = 1, decision = 0 ==> Fail
Input image 722: original value = 2, decision = 0 ==> Fail
Input image 723: original value = 3, decision = 0 ==> Fail
Input image 724: original value = 4, decision = 0 ==> Fail
Input image 725: original value = 5, decision = 0 ==> Fail
Input image 726: original value = 6, decision = 0 ==> Fail
Input image 727: original value = 7, decision = 0 ==> Fail
Input image 728: original value = 8, decision = 0 ==> Fail
Input image 729: original value = 9, decision = 0 ==> Fail
Input image 730: original value = 0, decision = 0 ==> Success
Input image 731: original value = 1, decision = 0 ==> Fail
Input image 732: original value = 2, decision = 0 ==> Fail
Input image 733: original value = 3, decision = 0 ==> Fail
Input image 734: original value = 4, decision = 0 ==> Fail
Input image 735: original value = 5, decision = 0 ==> Fail
Input image 736: original value = 6, decision = 0 ==> Fail
Input image 737: original value = 7, decision = 0 ==> Fail
Input image 738: original value = 8, decision = 0 ==> Fail
Input image 739: original value = 9, decision = 0 ==> Fail
Input image 740: original value = 0, decision = 0 ==> Success
Input image 741: original value = 1, decision = 0 ==> Fail
Input image 742: original value = 2, decision = 0 ==> Fail
Input image 743: original value = 3, decision = 0 ==> Fail
Input image 744: original value = 4, decision = 0 ==> Fail
Input image 745: original value = 5, decision = 0 ==> Fail
Input image 746: original value = 6, decision = 0 ==> Fail
Input image 747: original value = 7, decision = 0 ==> Fail
Input image 748: original value = 8, decision = 0 ==> Fail
Input image 749: original value = 9, decision = 0 ==> Fail
Input image 750: original value = 0, decision = 0 ==> Success
Input image 751: original value = 1, decision = 0 ==> Fail
Input image 752: original value = 2, decision = 0 ==> Fail
Input image 753: original value = 3, decision = 0 ==> Fail
Input image 754: original value = 4, decision = 0 ==> Fail
Input image 755: original value = 5, decision = 0 ==> Fail
Input image 756: original value = 6, decision = 0 ==> Fail
Input image 757: original value = 7, decision = 0 ==> Fail
Input image 758: original value = 8, decision = 0 ==> Fail
Input image 759: original value = 9, decision = 0 ==> Fail
Input image 760: original value = 0, decision = 0 ==> Success
Input image 761: original value = 1, decision = 0 ==> Fail
Input image 762: original value = 2, decision = 0 ==> Fail
Input image 763: original value = 3, decision = 0 ==> Fail
Input image 764: original value = 4, decision = 0 ==> Fail
Input image 765: original value = 5, decision = 0 ==> Fail
Input image 766: original value = 6, decision = 0 ==> Fail
Input image 767: original value = 7, decision = 0 ==> Fail
Input image 768: original value = 8, decision = 0 ==> Fail
Input image 769: original value = 9, decision = 0 ==> Fail
Input image 770: original value = 0, decision = 0 ==> Success
Input image 771: original value = 1, decision = 0 ==> Fail
Input image 772: original value = 2, decision = 0 ==> Fail
Input image 773: original value = 3, decision = 0 ==> Fail
Input image 774: original value = 4, decision = 0 ==> Fail
Input image 775: original value = 5, decision = 0 ==> Fail
Input image 776: original value = 6, decision = 0 ==> Fail
Input image 777: original value = 7, decision = 0 ==> Fail
Input image 778: original value = 8, decision = 0 ==> Fail
Input image 779: original value = 9, decision = 0 ==> Fail
Input image 780: original value = 0, decision = 0 ==> Success
Input image 781: original value = 1, decision = 0 ==> Fail
Input image 782: original value = 2, decision = 0 ==> Fail
Input image 783: original value = 3, decision = 0 ==> Fail
Input image 784: original value = 4, decision = 0 ==> Fail
Input image 785: original value = 5, decision = 0 ==> Fail
Input image 786: original value = 6, decision = 0 ==> Fail
Input image 787: original value = 7, decision = 0 ==> Fail
Input image 788: original value = 8, decision = 0 ==> Fail
Input image 789: original value = 9, decision = 0 ==> Fail
Input image 790: original value = 0, decision = 0 ==> Success
Input image 791: original value = 1, decision = 0 ==> Fail
Input image 792: original value = 2, decision = 0 ==> Fail
Input image 793: original value = 3, decision = 0 ==> Fail
Input image 794: original value = 4, decision = 0 ==> Fail
Input image 795: original value = 5, decision = 0 ==> Fail
Input image 796: original value = 6, decision = 0 ==> Fail
Input image 797: original value = 7, decision = 0 ==> Fail
Input image 798: original value = 8, decision = 0 ==> Fail
Input image 799: original value = 9, decision = 0 ==> Fail
Input image 800: original value = 0, decision = 0 ==> Success
Input image 801: original value = 1, decision = 0 ==> Fail
Input image 802: original value = 2, decision = 0 ==> Fail
Input image 803: original value = 3, decision = 0 ==> Fail
Input image 804: original value = 4, decision = 0 ==> Fail
Input image 805: original value = 5, decision = 0 ==> Fail
Input image 806: original value = 6, decision = 0 ==> Fail
Input image 807: original value = 7, decision = 0 ==> Fail
Input image 808: original value = 8, decision = 0 ==> Fail
Input image 809: original value = 9, decision = 0 ==> Fail
Input image 810: original value = 0, decision = 0 ==> Success
Input image 811: original value = 1, decision = 0 ==> Fail
Input image 812: original value = 2, decision = 0 ==> Fail
Input image 813: original value = 3, decision = 0 ==> Fail
Input image 814: original value = 4, decision = 0 ==> Fail
Input image 815: original value = 5, decision = 0 ==> Fail
Input image 816: original value = 6, decision = 0 ==> Fail
Input image 817: original value = 7, decision = 0 ==> Fail
Input image 818: original value = 8, decision = 0 ==> Fail
Input image 819: original value = 9, decision = 0 ==> Fail
Input image 820: original value = 0, decision = 0 ==> Success
Input image 821: original value = 1, decision = 0 ==> Fail
Input image 822: original value = 2, decision = 0 ==> Fail
Input image 823: original value = 3, decision = 0 ==> Fail
Input image 824: original value = 4, decision = 0 ==> Fail
Input image 825: original value = 5, decision = 0 ==> Fail
Input image 826: original value = 6, decision = 0 ==> Fail
Input image 827: original value = 7, decision = 0 ==> Fail
Input image 828: original value = 8, decision = 0 ==> Fail
Input image 829: original value = 9, decision = 0 ==> Fail
Input image 830: original value = 0, decision = 0 ==> Success
Input image 831: original value = 1, decision = 0 ==> Fail
Input image 832: original value = 2, decision = 0 ==> Fail
Input image 833: original value = 3, decision = 0 ==> Fail
Input image 834: original value = 4, decision = 0 ==> Fail
Input image 835: original value = 5, decision = 0 ==> Fail
Input image 836: original value = 6, decision = 0 ==> Fail
Input image 837: original value = 7, decision = 0 ==> Fail
Input image 838: original value = 8, decision = 0 ==> Fail
Input image 839: original value = 9, decision = 0 ==> Fail
Input image 840: original value = 0, decision = 0 ==> Success
Input image 841: original value = 1, decision = 0 ==> Fail
Input image 842: original value = 2, decision = 0 ==> Fail
Input image 843: original value = 3, decision = 0 ==> Fail
Input image 844: original value = 4, decision = 0 ==> Fail
Input image 845: original value = 5, decision = 0 ==> Fail
Input image 846: original value = 6, decision = 0 ==> Fail
Input image 847: original value = 7, decision = 0 ==> Fail
Input image 848: original value = 8, decision = 0 ==> Fail
Input image 849: original value = 9, decision = 0 ==> Fail
Input image 850: original value = 0, decision = 0 ==> Success
Input image 851: original value = 1, decision = 0 ==> Fail
Input image 852: original value = 2, decision = 0 ==> Fail
Input image 853: original value = 3, decision = 0 ==> Fail
Input image 854: original value = 4, decision = 0 ==> Fail
Input image 855: original value = 5, decision = 0 ==> Fail
Input image 856: original value = 6, decision = 0 ==> Fail
Input image 857: original value = 7, decision = 0 ==> Fail
Input image 858: original value = 8, decision = 0 ==> Fail
Input image 859: original value = 9, decision = 0 ==> Fail
Input image 860: original value = 0, decision = 0 ==> Success
Input image 861: original value = 1, decision = 0 ==> Fail
Input image 862: original value = 2, decision = 0 ==> Fail
Input image 863: original value = 3, decision = 0 ==> Fail
Input image 864: original value = 4, decision = 0 ==> Fail
Input image 865: original value = 5, decision = 0 ==> Fail
Input image 866: original value = 6, decision = 0 ==> Fail
Input image 867: original value = 7, decision = 0 ==> Fail
Input image 868: original value = 8, decision = 0 ==> Fail
Input image 869: original value = 9, decision = 0 ==> Fail
Input image 870: original value = 0, decision = 0 ==> Success
Input image 871: original value = 1, decision = 0 ==> Fail
Input image 872: original value = 2, decision = 0 ==> Fail
Input image 873: original value = 3, decision = 0 ==> Fail
Input image 874: original value = 4, decision = 0 ==> Fail
Input image 875: original value = 5, decision = 0 ==> Fail
Input image 876: original value = 6, decision = 0 ==> Fail
Input image 877: original value = 7, decision = 0 ==> Fail
Input image 878: original value = 8, decision = 0 ==> Fail
Input image 879: original value = 9, decision = 0 ==> Fail
Input image 880: original value = 0, decision = 0 ==> Success
Input image 881: original value = 1, decision = 0 ==> Fail
Input image 882: original value = 2, decision = 0 ==> Fail
Input image 883: original value = 3, decision = 0 ==> Fail
Input image 884: original value = 4, decision = 0 ==> Fail
Input image 885: original value = 5, decision = 0 ==> Fail
Input image 886: original value = 6, decision = 0 ==> Fail
Input image 887: original value = 7, decision = 0 ==> Fail
Input image 888: original value = 8, decision = 0 ==> Fail
Input image 889: original value = 9, decision = 0 ==> Fail
Input image 890: original value = 0, decision = 0 ==> Success
Input image 891: original value = 1, decision = 0 ==> Fail
Input image 892: original value = 2, decision = 0 ==> Fail
Input image 893: original value = 3, decision = 0 ==> Fail
Input image 894: original value = 4, decision = 0 ==> Fail
Input image 895: original value = 5, decision = 0 ==> Fail
Input image 896: original value = 6, decision = 0 ==> Fail
Input image 897: original value = 7, decision = 0 ==> Fail
Input image 898: original value = 8, decision = 0 ==> Fail
Input image 899: original value = 9, decision = 0 ==> Fail
Input image 900: original value = 0, decision = 0 ==> Success
Input image 901: original value = 1, decision = 0 ==> Fail
Input image 902: original value = 2, decision = 0 ==> Fail
Input image 903: original value = 3, decision = 0 ==> Fail
Input image 904: original value = 4, decision = 0 ==> Fail
Input image 905: original value = 5, decision = 0 ==> Fail
Input image 906: original value = 6, decision = 0 ==> Fail
Input image 907: original value = 7, decision = 0 ==> Fail
Input image 908: original value = 8, decision = 0 ==> Fail
Input image 909: original value = 9, decision = 0 ==> Fail
Input image 910: original value = 0, decision = 0 ==> Success
Input image 911: original value = 1, decision = 0 ==> Fail
Input image 912: original value = 2, decision = 0 ==> Fail
Input image 913: original value = 3, decision = 0 ==> Fail
Input image 914: original value = 4, decision = 0 ==> Fail
Input image 915: original value = 5, decision = 0 ==> Fail
Input image 916: original value = 6, decision = 0 ==> Fail
Input image 917: original value = 7, decision = 0 ==> Fail
Input image 918: original value = 8, decision = 0 ==> Fail
Input image 919: original value = 9, decision = 0 ==> Fail
Input image 920: original value = 0, decision = 0 ==> Success
Input image 921: original value = 1, decision = 0 ==> Fail
Input image 922: original value = 2, decision = 0 ==> Fail
Input image 923: original value = 3, decision = 0 ==> Fail
Input image 924: original value = 4, decision = 0 ==> Fail
Input image 925: original value = 5, decision = 0 ==> Fail
Input image 926: original value = 6, decision = 0 ==> Fail
Input image 927: original value = 7, decision = 0 ==> Fail
Input image 928: original value = 8, decision = 0 ==> Fail
Input image 929: original value = 9, decision = 0 ==> Fail
Input image 930: original value = 0, decision = 0 ==> Success
Input image 931: original value = 1, decision = 0 ==> Fail
Input image 932: original value = 2, decision = 0 ==> Fail
Input image 933: original value = 3, decision = 0 ==> Fail
Input image 934: original value = 4, decision = 0 ==> Fail
Input image 935: original value = 5, decision = 0 ==> Fail
Input image 936: original value = 6, decision = 0 ==> Fail
Input image 937: original value = 7, decision = 0 ==> Fail
Input image 938: original value = 8, decision = 0 ==> Fail
Input image 939: original value = 9, decision = 0 ==> Fail
Input image 940: original value = 0, decision = 0 ==> Success
Input image 941: original value = 1, decision = 0 ==> Fail
Input image 942: original value = 2, decision = 0 ==> Fail
Input image 943: original value = 3, decision = 0 ==> Fail
Input image 944: original value = 4, decision = 0 ==> Fail
Input image 945: original value = 5, decision = 0 ==> Fail
Input image 946: original value = 6, decision = 0 ==> Fail
Input image 947: original value = 7, decision = 0 ==> Fail
Input image 948: original value = 8, decision = 0 ==> Fail
Input image 949: original value = 9, decision = 0 ==> Fail
Input image 950: original value = 0, decision = 0 ==> Success
Input image 951: original value = 1, decision = 0 ==> Fail
Input image 952: original value = 2, decision = 0 ==> Fail
Input image 953: original value = 3, decision = 0 ==> Fail
Input image 954: original value = 4, decision = 0 ==> Fail
Input image 955: original value = 5, decision = 0 ==> Fail
Input image 956: original value = 6, decision = 0 ==> Fail
Input image 957: original value = 7, decision = 0 ==> Fail
Input image 958: original value = 8, decision = 0 ==> Fail
Input image 959: original value = 9, decision = 0 ==> Fail
Input image 960: original value = 0, decision = 0 ==> Success
Input image 961: original value = 1, decision = 0 ==> Fail
Input image 962: original value = 2, decision = 0 ==> Fail
Input image 963: original value = 3, decision = 0 ==> Fail
Input image 964: original value = 4, decision = 0 ==> Fail
Input image 965: original value = 5, decision = 0 ==> Fail
Input image 966: original value = 6, decision = 0 ==> Fail
Input image 967: original value = 7, decision = 0 ==> Fail
Input image 968: original value = 8, decision = 0 ==> Fail
Input image 969: original value = 9, decision = 0 ==> Fail
Input image 970: original value = 0, decision = 0 ==> Success
Input image 971: original value = 1, decision = 0 ==> Fail
Input image 972: original value = 2, decision = 0 ==> Fail
Input image 973: original value = 3, decision = 0 ==> Fail
Input image 974: original value = 4, decision = 0 ==> Fail
Input image 975: original value = 5, decision = 0 ==> Fail
Input image 976: original value = 6, decision = 0 ==> Fail
Input image 977: original value = 7, decision = 0 ==> Fail
Input image 978: original value = 8, decision = 0 ==> Fail
Input image 979: original value = 9, decision = 0 ==> Fail
Input image 980: original value = 0, decision = 0 ==> Success
Input image 981: original value = 1, decision = 0 ==> Fail
Input image 982: original value = 2, decision = 0 ==> Fail
Input image 983: original value = 3, decision = 0 ==> Fail
Input image 984: original value = 4, decision = 0 ==> Fail
Input image 985: original value = 5, decision = 0 ==> Fail
Input image 986: original value = 6, decision = 0 ==> Fail
Input image 987: original value = 7, decision = 0 ==> Fail
Input image 988: original value = 8, decision = 0 ==> Fail
Input image 989: original value = 9, decision = 0 ==> Fail
Input image 990: original value = 0, decision = 0 ==> Success
Input image 991: original value = 1, decision = 0 ==> Fail
Input image 992: original value = 2, decision = 0 ==> Fail
Input image 993: original value = 3, decision = 0 ==> Fail
Input image 994: original value = 4, decision = 0 ==> Fail
Input image 995: original value = 5, decision = 0 ==> Fail
Input image 996: original value = 6, decision = 0 ==> Fail
Input image 997: original value = 7, decision = 0 ==> Fail
Input image 998: original value = 8, decision = 0 ==> Fail
Input image 999: original value = 9, decision = 0 ==> Fail
------ Final Accuracy for 1000 Input Image ------
Accuracy :  10%
$stop called at time : 12830100 ns : File "/media/nisitha/My_Passport/MOODLE/Vivado_projects/FPGA_based_CNN_Acclerator/fpga_based_cnn_accelelrator/fpga_based_cnn_accelelrator.srcs/sim_1/new/cnn_mnist/tb_axi_mnist_full.v" Line 92
